{"/tmp/mvp-v3-7fb2fe4b-66ff-4ca2-8096-22700cade1c4-zCY9FM/postcss.config.js": {"path":"/tmp/mvp-v3-7fb2fe4b-66ff-4ca2-8096-22700cade1c4-zCY9FM/postcss.config.js","all":true,"statementMap":{"0":{"start":{"line":1,"column":0},"end":{"line":1,"column":16}},"1":{"start":{"line":2,"column":0},"end":{"line":2,"column":12}},"2":{"start":{"line":3,"column":0},"end":{"line":3,"column":20}},"3":{"start":{"line":4,"column":0},"end":{"line":4,"column":21}},"4":{"start":{"line":5,"column":0},"end":{"line":5,"column":4}},"5":{"start":{"line":6,"column":0},"end":{"line":6,"column":2}}},"s":{"0":0,"1":0,"2":0,"3":0,"4":0,"5":0},"branchMap":{"0":{"type":"branch","line":1,"loc":{"start":{"line":1,"column":0},"end":{"line":6,"column":-11}},"locations":[{"start":{"line":1,"column":0},"end":{"line":6,"column":-11}}]}},"b":{"0":[0]},"fnMap":{"0":{"name":"(empty-report)","decl":{"start":{"line":1,"column":0},"end":{"line":6,"column":-11}},"loc":{"start":{"line":1,"column":0},"end":{"line":6,"column":-11}},"line":1}},"f":{"0":0}}
,"/tmp/mvp-v3-7fb2fe4b-66ff-4ca2-8096-22700cade1c4-zCY9FM/tailwind.config.ts": {"path":"/tmp/mvp-v3-7fb2fe4b-66ff-4ca2-8096-22700cade1c4-zCY9FM/tailwind.config.ts","all":true,"statementMap":{"2":{"start":{"line":3,"column":0},"end":{"line":3,"column":24}},"3":{"start":{"line":4,"column":0},"end":{"line":4,"column":51}},"4":{"start":{"line":5,"column":0},"end":{"line":5,"column":10}},"5":{"start":{"line":6,"column":0},"end":{"line":6,"column":13}},"6":{"start":{"line":7,"column":0},"end":{"line":7,"column":15}},"7":{"start":{"line":8,"column":0},"end":{"line":8,"column":18}},"8":{"start":{"line":9,"column":0},"end":{"line":9,"column":24}},"9":{"start":{"line":10,"column":0},"end":{"line":10,"column":25}},"10":{"start":{"line":11,"column":0},"end":{"line":11,"column":25}},"11":{"start":{"line":12,"column":0},"end":{"line":12,"column":25}},"12":{"start":{"line":13,"column":0},"end":{"line":13,"column":25}},"13":{"start":{"line":14,"column":0},"end":{"line":14,"column":25}},"14":{"start":{"line":15,"column":0},"end":{"line":15,"column":25}},"15":{"start":{"line":16,"column":0},"end":{"line":16,"column":25}},"16":{"start":{"line":17,"column":0},"end":{"line":17,"column":25}},"17":{"start":{"line":18,"column":0},"end":{"line":18,"column":25}},"18":{"start":{"line":19,"column":0},"end":{"line":19,"column":10}},"19":{"start":{"line":20,"column":0},"end":{"line":20,"column":15}},"20":{"start":{"line":21,"column":0},"end":{"line":21,"column":24}},"21":{"start":{"line":22,"column":0},"end":{"line":22,"column":25}},"22":{"start":{"line":23,"column":0},"end":{"line":23,"column":25}},"23":{"start":{"line":24,"column":0},"end":{"line":24,"column":25}},"24":{"start":{"line":25,"column":0},"end":{"line":25,"column":25}},"25":{"start":{"line":26,"column":0},"end":{"line":26,"column":25}},"26":{"start":{"line":27,"column":0},"end":{"line":27,"column":25}},"27":{"start":{"line":28,"column":0},"end":{"line":28,"column":10}},"28":{"start":{"line":29,"column":0},"end":{"line":29,"column":8}},"29":{"start":{"line":30,"column":0},"end":{"line":30,"column":19}},"30":{"start":{"line":31,"column":0},"end":{"line":31,"column":15}},"31":{"start":{"line":32,"column":0},"end":{"line":32,"column":22}},"32":{"start":{"line":33,"column":0},"end":{"line":33,"column":26}},"33":{"start":{"line":34,"column":0},"end":{"line":34,"column":31}},"34":{"start":{"line":35,"column":0},"end":{"line":35,"column":23}},"35":{"start":{"line":36,"column":0},"end":{"line":36,"column":19}},"36":{"start":{"line":37,"column":0},"end":{"line":37,"column":29}},"37":{"start":{"line":38,"column":0},"end":{"line":38,"column":18}},"38":{"start":{"line":39,"column":0},"end":{"line":39,"column":23}},"39":{"start":{"line":40,"column":0},"end":{"line":40,"column":10}},"40":{"start":{"line":41,"column":0},"end":{"line":41,"column":8}},"41":{"start":{"line":42,"column":0},"end":{"line":42,"column":18}},"42":{"start":{"line":43,"column":0},"end":{"line":43,"column":58}},"43":{"start":{"line":44,"column":0},"end":{"line":44,"column":43}},"44":{"start":{"line":45,"column":0},"end":{"line":45,"column":48}},"45":{"start":{"line":46,"column":0},"end":{"line":46,"column":58}},"46":{"start":{"line":47,"column":0},"end":{"line":47,"column":60}},"47":{"start":{"line":48,"column":0},"end":{"line":48,"column":53}},"48":{"start":{"line":49,"column":0},"end":{"line":49,"column":45}},"49":{"start":{"line":50,"column":0},"end":{"line":50,"column":8}},"50":{"start":{"line":51,"column":0},"end":{"line":51,"column":18}},"51":{"start":{"line":52,"column":0},"end":{"line":52,"column":20}},"52":{"start":{"line":53,"column":0},"end":{"line":53,"column":64}},"53":{"start":{"line":54,"column":0},"end":{"line":54,"column":61}},"54":{"start":{"line":55,"column":0},"end":{"line":55,"column":10}},"55":{"start":{"line":56,"column":0},"end":{"line":56,"column":17}},"56":{"start":{"line":57,"column":0},"end":{"line":57,"column":33}},"57":{"start":{"line":58,"column":0},"end":{"line":58,"column":35}},"58":{"start":{"line":59,"column":0},"end":{"line":59,"column":10}},"59":{"start":{"line":60,"column":0},"end":{"line":60,"column":19}},"60":{"start":{"line":61,"column":0},"end":{"line":61,"column":64}},"61":{"start":{"line":62,"column":0},"end":{"line":62,"column":63}},"62":{"start":{"line":63,"column":0},"end":{"line":63,"column":10}},"63":{"start":{"line":64,"column":0},"end":{"line":64,"column":20}},"64":{"start":{"line":65,"column":0},"end":{"line":65,"column":44}},"65":{"start":{"line":66,"column":0},"end":{"line":66,"column":44}},"66":{"start":{"line":67,"column":0},"end":{"line":67,"column":10}},"67":{"start":{"line":68,"column":0},"end":{"line":68,"column":21}},"68":{"start":{"line":69,"column":0},"end":{"line":69,"column":42}},"69":{"start":{"line":70,"column":0},"end":{"line":70,"column":46}},"70":{"start":{"line":71,"column":0},"end":{"line":71,"column":10}},"71":{"start":{"line":72,"column":0},"end":{"line":72,"column":18}},"72":{"start":{"line":73,"column":0},"end":{"line":73,"column":41}},"73":{"start":{"line":74,"column":0},"end":{"line":74,"column":36}},"74":{"start":{"line":75,"column":0},"end":{"line":75,"column":10}},"75":{"start":{"line":76,"column":0},"end":{"line":76,"column":18}},"76":{"start":{"line":77,"column":0},"end":{"line":77,"column":58}},"77":{"start":{"line":78,"column":0},"end":{"line":78,"column":58}},"78":{"start":{"line":79,"column":0},"end":{"line":79,"column":10}},"79":{"start":{"line":80,"column":0},"end":{"line":80,"column":8}},"80":{"start":{"line":81,"column":0},"end":{"line":81,"column":18}},"81":{"start":{"line":82,"column":0},"end":{"line":82,"column":54}},"82":{"start":{"line":83,"column":0},"end":{"line":83,"column":53}},"83":{"start":{"line":84,"column":0},"end":{"line":84,"column":54}},"84":{"start":{"line":85,"column":0},"end":{"line":85,"column":8}},"85":{"start":{"line":86,"column":0},"end":{"line":86,"column":6}},"86":{"start":{"line":87,"column":0},"end":{"line":87,"column":4}},"87":{"start":{"line":88,"column":0},"end":{"line":88,"column":14}},"88":{"start":{"line":89,"column":0},"end":{"line":89,"column":2}},"90":{"start":{"line":91,"column":0},"end":{"line":91,"column":22}}},"s":{"2":0,"3":0,"4":0,"5":0,"6":0,"7":0,"8":0,"9":0,"10":0,"11":0,"12":0,"13":0,"14":0,"15":0,"16":0,"17":0,"18":0,"19":0,"20":0,"21":0,"22":0,"23":0,"24":0,"25":0,"26":0,"27":0,"28":0,"29":0,"30":0,"31":0,"32":0,"33":0,"34":0,"35":0,"36":0,"37":0,"38":0,"39":0,"40":0,"41":0,"42":0,"43":0,"44":0,"45":0,"46":0,"47":0,"48":0,"49":0,"50":0,"51":0,"52":0,"53":0,"54":0,"55":0,"56":0,"57":0,"58":0,"59":0,"60":0,"61":0,"62":0,"63":0,"64":0,"65":0,"66":0,"67":0,"68":0,"69":0,"70":0,"71":0,"72":0,"73":0,"74":0,"75":0,"76":0,"77":0,"78":0,"79":0,"80":0,"81":0,"82":0,"83":0,"84":0,"85":0,"86":0,"87":0,"88":0,"90":0},"branchMap":{"0":{"type":"branch","line":1,"loc":{"start":{"line":1,"column":2516},"end":{"line":91,"column":22}},"locations":[{"start":{"line":1,"column":2516},"end":{"line":91,"column":22}}]}},"b":{"0":[1]},"fnMap":{"0":{"name":"(empty-report)","decl":{"start":{"line":1,"column":2516},"end":{"line":91,"column":22}},"loc":{"start":{"line":1,"column":2516},"end":{"line":91,"column":22}},"line":1}},"f":{"0":1}}
,"/tmp/mvp-v3-7fb2fe4b-66ff-4ca2-8096-22700cade1c4-zCY9FM/src/App.tsx": {"path":"/tmp/mvp-v3-7fb2fe4b-66ff-4ca2-8096-22700cade1c4-zCY9FM/src/App.tsx","all":false,"statementMap":{"0":{"start":{"line":1,"column":0},"end":{"line":1,"column":81}},"6":{"start":{"line":7,"column":0},"end":{"line":7,"column":121}},"7":{"start":{"line":8,"column":0},"end":{"line":8,"column":100}},"8":{"start":{"line":9,"column":0},"end":{"line":9,"column":112}},"9":{"start":{"line":10,"column":0},"end":{"line":10,"column":121}},"10":{"start":{"line":11,"column":0},"end":{"line":11,"column":124}},"11":{"start":{"line":12,"column":0},"end":{"line":12,"column":118}},"12":{"start":{"line":13,"column":0},"end":{"line":13,"column":115}},"13":{"start":{"line":14,"column":0},"end":{"line":14,"column":118}},"14":{"start":{"line":15,"column":0},"end":{"line":15,"column":106}},"16":{"start":{"line":17,"column":0},"end":{"line":17,"column":23}},"17":{"start":{"line":18,"column":0},"end":{"line":18,"column":38}},"18":{"start":{"line":19,"column":0},"end":{"line":19,"column":57}},"19":{"start":{"line":20,"column":0},"end":{"line":20,"column":81}},"20":{"start":{"line":21,"column":0},"end":{"line":21,"column":70}},"21":{"start":{"line":22,"column":0},"end":{"line":22,"column":44}},"22":{"start":{"line":23,"column":0},"end":{"line":23,"column":56}},"23":{"start":{"line":24,"column":0},"end":{"line":24,"column":65}},"24":{"start":{"line":25,"column":0},"end":{"line":25,"column":44}},"27":{"start":{"line":28,"column":0},"end":{"line":28,"column":73}},"28":{"start":{"line":29,"column":0},"end":{"line":29,"column":9}},"29":{"start":{"line":30,"column":0},"end":{"line":30,"column":15}},"30":{"start":{"line":31,"column":0},"end":{"line":31,"column":21}},"31":{"start":{"line":32,"column":0},"end":{"line":32,"column":16}},"32":{"start":{"line":33,"column":0},"end":{"line":33,"column":20}},"33":{"start":{"line":34,"column":0},"end":{"line":34,"column":18}},"34":{"start":{"line":35,"column":0},"end":{"line":35,"column":22}},"35":{"start":{"line":36,"column":0},"end":{"line":36,"column":22}},"37":{"start":{"line":38,"column":0},"end":{"line":38,"column":24}},"38":{"start":{"line":39,"column":0},"end":{"line":39,"column":26}},"39":{"start":{"line":40,"column":0},"end":{"line":40,"column":26}},"40":{"start":{"line":41,"column":0},"end":{"line":41,"column":26}},"41":{"start":{"line":42,"column":0},"end":{"line":42,"column":30}},"42":{"start":{"line":43,"column":0},"end":{"line":43,"column":5}},"45":{"start":{"line":46,"column":0},"end":{"line":46,"column":19}},"46":{"start":{"line":47,"column":0},"end":{"line":47,"column":45}},"47":{"start":{"line":48,"column":0},"end":{"line":48,"column":41}},"48":{"start":{"line":49,"column":0},"end":{"line":49,"column":55}},"49":{"start":{"line":50,"column":0},"end":{"line":50,"column":27}},"50":{"start":{"line":51,"column":0},"end":{"line":51,"column":28}},"51":{"start":{"line":52,"column":0},"end":{"line":52,"column":26}},"53":{"start":{"line":54,"column":0},"end":{"line":54,"column":21}},"54":{"start":{"line":55,"column":0},"end":{"line":55,"column":26}},"55":{"start":{"line":56,"column":0},"end":{"line":56,"column":5}},"56":{"start":{"line":57,"column":0},"end":{"line":57,"column":107}},"59":{"start":{"line":60,"column":0},"end":{"line":60,"column":19}},"60":{"start":{"line":61,"column":0},"end":{"line":61,"column":43}},"61":{"start":{"line":62,"column":0},"end":{"line":62,"column":34}},"63":{"start":{"line":64,"column":0},"end":{"line":64,"column":56}},"64":{"start":{"line":65,"column":0},"end":{"line":65,"column":31}},"65":{"start":{"line":66,"column":0},"end":{"line":66,"column":29}},"66":{"start":{"line":67,"column":0},"end":{"line":67,"column":5}},"68":{"start":{"line":69,"column":0},"end":{"line":69,"column":36}},"69":{"start":{"line":70,"column":0},"end":{"line":70,"column":51}},"71":{"start":{"line":72,"column":0},"end":{"line":72,"column":47}},"72":{"start":{"line":73,"column":0},"end":{"line":73,"column":46}},"73":{"start":{"line":74,"column":0},"end":{"line":74,"column":9}},"75":{"start":{"line":76,"column":0},"end":{"line":76,"column":50}},"76":{"start":{"line":77,"column":0},"end":{"line":77,"column":26}},"77":{"start":{"line":78,"column":0},"end":{"line":78,"column":9}},"79":{"start":{"line":80,"column":0},"end":{"line":80,"column":46}},"80":{"start":{"line":81,"column":0},"end":{"line":81,"column":26}},"81":{"start":{"line":82,"column":0},"end":{"line":82,"column":19}},"82":{"start":{"line":83,"column":0},"end":{"line":83,"column":15}},"84":{"start":{"line":85,"column":0},"end":{"line":85,"column":41}},"85":{"start":{"line":86,"column":0},"end":{"line":86,"column":19}},"86":{"start":{"line":87,"column":0},"end":{"line":87,"column":26}},"87":{"start":{"line":88,"column":0},"end":{"line":88,"column":15}},"89":{"start":{"line":90,"column":0},"end":{"line":90,"column":10}},"90":{"start":{"line":91,"column":0},"end":{"line":91,"column":69}},"92":{"start":{"line":93,"column":0},"end":{"line":93,"column":8}},"93":{"start":{"line":94,"column":0},"end":{"line":94,"column":28}},"94":{"start":{"line":95,"column":0},"end":{"line":95,"column":227}},"95":{"start":{"line":96,"column":0},"end":{"line":96,"column":7}},"97":{"start":{"line":98,"column":0},"end":{"line":98,"column":10}},"98":{"start":{"line":99,"column":0},"end":{"line":99,"column":152}},"100":{"start":{"line":101,"column":0},"end":{"line":101,"column":140}},"102":{"start":{"line":103,"column":0},"end":{"line":103,"column":28}},"103":{"start":{"line":104,"column":0},"end":{"line":104,"column":147}},"104":{"start":{"line":105,"column":0},"end":{"line":105,"column":119}},"105":{"start":{"line":106,"column":0},"end":{"line":106,"column":16}},"107":{"start":{"line":108,"column":0},"end":{"line":108,"column":26}},"108":{"start":{"line":109,"column":0},"end":{"line":109,"column":30}},"109":{"start":{"line":110,"column":0},"end":{"line":110,"column":36}},"110":{"start":{"line":111,"column":0},"end":{"line":111,"column":52}},"111":{"start":{"line":112,"column":0},"end":{"line":112,"column":10}},"112":{"start":{"line":113,"column":0},"end":{"line":113,"column":19}},"115":{"start":{"line":116,"column":0},"end":{"line":116,"column":34}},"116":{"start":{"line":117,"column":0},"end":{"line":117,"column":75}},"117":{"start":{"line":118,"column":0},"end":{"line":118,"column":19}},"120":{"start":{"line":121,"column":0},"end":{"line":121,"column":34}},"121":{"start":{"line":122,"column":0},"end":{"line":122,"column":19}},"122":{"start":{"line":123,"column":0},"end":{"line":123,"column":38}},"123":{"start":{"line":124,"column":0},"end":{"line":124,"column":34}},"124":{"start":{"line":125,"column":0},"end":{"line":125,"column":34}},"125":{"start":{"line":126,"column":0},"end":{"line":126,"column":33}},"126":{"start":{"line":127,"column":0},"end":{"line":127,"column":70}},"127":{"start":{"line":128,"column":0},"end":{"line":128,"column":12}},"128":{"start":{"line":129,"column":0},"end":{"line":129,"column":19}},"131":{"start":{"line":132,"column":0},"end":{"line":132,"column":34}},"132":{"start":{"line":133,"column":0},"end":{"line":133,"column":27}},"133":{"start":{"line":134,"column":0},"end":{"line":134,"column":50}},"134":{"start":{"line":135,"column":0},"end":{"line":135,"column":47}},"135":{"start":{"line":136,"column":0},"end":{"line":136,"column":38}},"136":{"start":{"line":137,"column":0},"end":{"line":137,"column":48}},"137":{"start":{"line":138,"column":0},"end":{"line":138,"column":12}},"138":{"start":{"line":139,"column":0},"end":{"line":139,"column":19}},"141":{"start":{"line":142,"column":0},"end":{"line":142,"column":30}},"142":{"start":{"line":143,"column":0},"end":{"line":143,"column":12}},"144":{"start":{"line":145,"column":0},"end":{"line":145,"column":27}},"145":{"start":{"line":146,"column":0},"end":{"line":146,"column":40}},"146":{"start":{"line":147,"column":0},"end":{"line":147,"column":32}},"147":{"start":{"line":148,"column":0},"end":{"line":148,"column":56}},"148":{"start":{"line":149,"column":0},"end":{"line":149,"column":53}},"149":{"start":{"line":150,"column":0},"end":{"line":150,"column":44}},"150":{"start":{"line":151,"column":0},"end":{"line":151,"column":18}},"151":{"start":{"line":152,"column":0},"end":{"line":152,"column":25}},"152":{"start":{"line":153,"column":0},"end":{"line":153,"column":28}},"155":{"start":{"line":156,"column":0},"end":{"line":156,"column":27}},"156":{"start":{"line":157,"column":0},"end":{"line":157,"column":40}},"157":{"start":{"line":158,"column":0},"end":{"line":158,"column":27}},"158":{"start":{"line":159,"column":0},"end":{"line":159,"column":41}},"159":{"start":{"line":160,"column":0},"end":{"line":160,"column":53}},"160":{"start":{"line":161,"column":0},"end":{"line":161,"column":43}},"161":{"start":{"line":162,"column":0},"end":{"line":162,"column":51}},"162":{"start":{"line":163,"column":0},"end":{"line":163,"column":43}},"163":{"start":{"line":164,"column":0},"end":{"line":164,"column":18}},"164":{"start":{"line":165,"column":0},"end":{"line":165,"column":25}},"165":{"start":{"line":166,"column":0},"end":{"line":166,"column":28}},"168":{"start":{"line":169,"column":0},"end":{"line":169,"column":27}},"169":{"start":{"line":170,"column":0},"end":{"line":170,"column":40}},"170":{"start":{"line":171,"column":0},"end":{"line":171,"column":31}},"171":{"start":{"line":172,"column":0},"end":{"line":172,"column":49}},"172":{"start":{"line":173,"column":0},"end":{"line":173,"column":47}},"173":{"start":{"line":174,"column":0},"end":{"line":174,"column":18}},"174":{"start":{"line":175,"column":0},"end":{"line":175,"column":25}},"175":{"start":{"line":176,"column":0},"end":{"line":176,"column":28}},"176":{"start":{"line":177,"column":0},"end":{"line":177,"column":13}},"178":{"start":{"line":179,"column":0},"end":{"line":179,"column":13}},"180":{"start":{"line":181,"column":0},"end":{"line":181,"column":62}},"181":{"start":{"line":182,"column":0},"end":{"line":182,"column":45}},"183":{"start":{"line":184,"column":0},"end":{"line":184,"column":12}},"184":{"start":{"line":185,"column":0},"end":{"line":185,"column":15}},"187":{"start":{"line":188,"column":0},"end":{"line":188,"column":32}},"188":{"start":{"line":189,"column":0},"end":{"line":189,"column":23}},"189":{"start":{"line":190,"column":0},"end":{"line":190,"column":30}},"190":{"start":{"line":191,"column":0},"end":{"line":191,"column":41}},"191":{"start":{"line":192,"column":0},"end":{"line":192,"column":33}},"192":{"start":{"line":193,"column":0},"end":{"line":193,"column":42}},"193":{"start":{"line":194,"column":0},"end":{"line":194,"column":41}},"194":{"start":{"line":195,"column":0},"end":{"line":195,"column":48}},"195":{"start":{"line":196,"column":0},"end":{"line":196,"column":10}},"196":{"start":{"line":197,"column":0},"end":{"line":197,"column":17}},"199":{"start":{"line":200,"column":0},"end":{"line":200,"column":32}},"200":{"start":{"line":201,"column":0},"end":{"line":201,"column":76}},"201":{"start":{"line":202,"column":0},"end":{"line":202,"column":17}},"202":{"start":{"line":203,"column":0},"end":{"line":203,"column":10}},"204":{"start":{"line":205,"column":0},"end":{"line":205,"column":1}}},"s":{"0":1,"6":1,"7":1,"8":1,"9":1,"10":1,"11":1,"12":1,"13":1,"14":1,"16":1,"17":6,"18":6,"19":6,"20":6,"21":6,"22":6,"23":6,"24":6,"27":6,"28":6,"29":6,"30":6,"31":6,"32":6,"33":6,"34":6,"35":6,"37":6,"38":6,"39":6,"40":6,"41":6,"42":6,"45":6,"46":6,"47":0,"48":0,"49":0,"50":0,"51":0,"53":0,"54":0,"55":0,"56":6,"59":6,"60":6,"61":6,"63":6,"64":0,"65":0,"66":0,"68":6,"69":6,"71":6,"72":0,"73":6,"75":6,"76":0,"77":6,"79":6,"80":0,"81":0,"82":6,"84":6,"85":0,"86":0,"87":6,"89":6,"90":6,"92":6,"93":6,"94":6,"95":6,"97":6,"98":6,"100":6,"102":6,"103":6,"104":6,"105":6,"107":6,"108":6,"109":6,"110":6,"111":6,"112":6,"115":6,"116":6,"117":6,"120":6,"121":6,"122":6,"123":6,"124":6,"125":6,"126":6,"127":6,"128":6,"131":6,"132":6,"133":6,"134":6,"135":6,"136":6,"137":6,"138":6,"141":6,"142":6,"144":6,"145":6,"146":6,"147":6,"148":6,"149":6,"150":6,"151":6,"152":6,"155":6,"156":6,"157":6,"158":6,"159":6,"160":6,"161":6,"162":6,"163":6,"164":6,"165":6,"168":6,"169":6,"170":6,"171":6,"172":6,"173":6,"174":6,"175":6,"176":6,"178":6,"180":6,"181":6,"183":6,"184":6,"187":6,"188":6,"189":6,"190":6,"191":6,"192":6,"193":6,"194":6,"195":6,"196":6,"199":6,"200":6,"201":6,"202":6,"204":6},"branchMap":{"0":{"type":"branch","line":7,"loc":{"start":{"line":7,"column":29},"end":{"line":7,"column":121}},"locations":[{"start":{"line":7,"column":29},"end":{"line":7,"column":121}}]},"1":{"type":"branch","line":7,"loc":{"start":{"line":7,"column":80},"end":{"line":7,"column":121}},"locations":[{"start":{"line":7,"column":80},"end":{"line":7,"column":121}}]},"2":{"type":"branch","line":8,"loc":{"start":{"line":8,"column":22},"end":{"line":8,"column":100}},"locations":[{"start":{"line":8,"column":22},"end":{"line":8,"column":100}}]},"3":{"type":"branch","line":8,"loc":{"start":{"line":8,"column":66},"end":{"line":8,"column":100}},"locations":[{"start":{"line":8,"column":66},"end":{"line":8,"column":100}}]},"4":{"type":"branch","line":9,"loc":{"start":{"line":9,"column":26},"end":{"line":9,"column":112}},"locations":[{"start":{"line":9,"column":26},"end":{"line":9,"column":112}}]},"5":{"type":"branch","line":9,"loc":{"start":{"line":9,"column":74},"end":{"line":9,"column":112}},"locations":[{"start":{"line":9,"column":74},"end":{"line":9,"column":112}}]},"6":{"type":"branch","line":10,"loc":{"start":{"line":10,"column":29},"end":{"line":10,"column":121}},"locations":[{"start":{"line":10,"column":29},"end":{"line":10,"column":121}}]},"7":{"type":"branch","line":10,"loc":{"start":{"line":10,"column":80},"end":{"line":10,"column":121}},"locations":[{"start":{"line":10,"column":80},"end":{"line":10,"column":121}}]},"8":{"type":"branch","line":11,"loc":{"start":{"line":11,"column":30},"end":{"line":11,"column":124}},"locations":[{"start":{"line":11,"column":30},"end":{"line":11,"column":124}}]},"9":{"type":"branch","line":11,"loc":{"start":{"line":11,"column":82},"end":{"line":11,"column":124}},"locations":[{"start":{"line":11,"column":82},"end":{"line":11,"column":124}}]},"10":{"type":"branch","line":12,"loc":{"start":{"line":12,"column":28},"end":{"line":12,"column":118}},"locations":[{"start":{"line":12,"column":28},"end":{"line":12,"column":118}}]},"11":{"type":"branch","line":12,"loc":{"start":{"line":12,"column":78},"end":{"line":12,"column":118}},"locations":[{"start":{"line":12,"column":78},"end":{"line":12,"column":118}}]},"12":{"type":"branch","line":13,"loc":{"start":{"line":13,"column":27},"end":{"line":13,"column":115}},"locations":[{"start":{"line":13,"column":27},"end":{"line":13,"column":115}}]},"13":{"type":"branch","line":13,"loc":{"start":{"line":13,"column":76},"end":{"line":13,"column":115}},"locations":[{"start":{"line":13,"column":76},"end":{"line":13,"column":115}}]},"14":{"type":"branch","line":14,"loc":{"start":{"line":14,"column":28},"end":{"line":14,"column":118}},"locations":[{"start":{"line":14,"column":28},"end":{"line":14,"column":118}}]},"15":{"type":"branch","line":14,"loc":{"start":{"line":14,"column":78},"end":{"line":14,"column":118}},"locations":[{"start":{"line":14,"column":78},"end":{"line":14,"column":118}}]},"16":{"type":"branch","line":15,"loc":{"start":{"line":15,"column":24},"end":{"line":15,"column":106}},"locations":[{"start":{"line":15,"column":24},"end":{"line":15,"column":106}}]},"17":{"type":"branch","line":15,"loc":{"start":{"line":15,"column":70},"end":{"line":15,"column":106}},"locations":[{"start":{"line":15,"column":70},"end":{"line":15,"column":106}}]},"18":{"type":"branch","line":17,"loc":{"start":{"line":17,"column":7},"end":{"line":205,"column":1}},"locations":[{"start":{"line":17,"column":7},"end":{"line":205,"column":1}}]},"19":{"type":"branch","line":46,"loc":{"start":{"line":46,"column":12},"end":{"line":57,"column":5}},"locations":[{"start":{"line":46,"column":12},"end":{"line":57,"column":5}}]},"20":{"type":"branch","line":47,"loc":{"start":{"line":47,"column":44},"end":{"line":56,"column":5}},"locations":[{"start":{"line":47,"column":44},"end":{"line":56,"column":5}}]},"21":{"type":"branch","line":60,"loc":{"start":{"line":60,"column":12},"end":{"line":70,"column":5}},"locations":[{"start":{"line":60,"column":12},"end":{"line":70,"column":5}}]},"22":{"type":"branch","line":64,"loc":{"start":{"line":64,"column":21},"end":{"line":64,"column":55}},"locations":[{"start":{"line":64,"column":21},"end":{"line":64,"column":55}}]},"23":{"type":"branch","line":64,"loc":{"start":{"line":64,"column":55},"end":{"line":67,"column":5}},"locations":[{"start":{"line":64,"column":55},"end":{"line":67,"column":5}}]}},"b":{"0":[1],"1":[1],"2":[1],"3":[1],"4":[1],"5":[1],"6":[1],"7":[1],"8":[1],"9":[1],"10":[1],"11":[1],"12":[1],"13":[1],"14":[1],"15":[1],"16":[1],"17":[1],"18":[6],"19":[6],"20":[0],"21":[6],"22":[0],"23":[0]},"fnMap":{"0":{"name":"App","decl":{"start":{"line":17,"column":7},"end":{"line":205,"column":1}},"loc":{"start":{"line":17,"column":7},"end":{"line":205,"column":1}},"line":17}},"f":{"0":6}}
,"/tmp/mvp-v3-7fb2fe4b-66ff-4ca2-8096-22700cade1c4-zCY9FM/src/main.tsx": {"path":"/tmp/mvp-v3-7fb2fe4b-66ff-4ca2-8096-22700cade1c4-zCY9FM/src/main.tsx","all":true,"statementMap":{"0":{"start":{"line":1,"column":0},"end":{"line":1,"column":35}},"1":{"start":{"line":2,"column":0},"end":{"line":2,"column":46}},"2":{"start":{"line":3,"column":0},"end":{"line":3,"column":28}},"3":{"start":{"line":4,"column":0},"end":{"line":4,"column":59}},"4":{"start":{"line":5,"column":0},"end":{"line":5,"column":21}},"6":{"start":{"line":7,"column":0},"end":{"line":7,"column":45}},"7":{"start":{"line":8,"column":0},"end":{"line":8,"column":12}},"8":{"start":{"line":9,"column":0},"end":{"line":9,"column":44}},"9":{"start":{"line":10,"column":0},"end":{"line":10,"column":1}},"12":{"start":{"line":13,"column":0},"end":{"line":13,"column":55}},"13":{"start":{"line":14,"column":0},"end":{"line":14,"column":16}},"14":{"start":{"line":15,"column":0},"end":{"line":15,"column":38}},"15":{"start":{"line":16,"column":0},"end":{"line":16,"column":88}},"17":{"start":{"line":18,"column":0},"end":{"line":18,"column":75}},"18":{"start":{"line":19,"column":0},"end":{"line":19,"column":1}},"20":{"start":{"line":21,"column":0},"end":{"line":21,"column":24}},"21":{"start":{"line":22,"column":0},"end":{"line":22,"column":14}},"22":{"start":{"line":23,"column":0},"end":{"line":23,"column":19}},"23":{"start":{"line":24,"column":0},"end":{"line":24,"column":13}},"24":{"start":{"line":25,"column":0},"end":{"line":25,"column":20}},"25":{"start":{"line":26,"column":0},"end":{"line":26,"column":15}},"26":{"start":{"line":27,"column":0},"end":{"line":27,"column":2}}},"s":{"0":0,"1":0,"2":0,"3":0,"4":0,"6":0,"7":0,"8":0,"9":0,"12":0,"13":0,"14":0,"15":0,"17":0,"18":0,"20":0,"21":0,"22":0,"23":0,"24":0,"25":0,"26":0},"branchMap":{"0":{"type":"branch","line":1,"loc":{"start":{"line":1,"column":0},"end":{"line":27,"column":-377}},"locations":[{"start":{"line":1,"column":0},"end":{"line":27,"column":-377}}]}},"b":{"0":[0]},"fnMap":{"0":{"name":"(empty-report)","decl":{"start":{"line":1,"column":0},"end":{"line":27,"column":-377}},"loc":{"start":{"line":1,"column":0},"end":{"line":27,"column":-377}},"line":1}},"f":{"0":0}}
,"/tmp/mvp-v3-7fb2fe4b-66ff-4ca2-8096-22700cade1c4-zCY9FM/src/components/BreathingCircle.tsx": {"path":"/tmp/mvp-v3-7fb2fe4b-66ff-4ca2-8096-22700cade1c4-zCY9FM/src/components/BreathingCircle.tsx","all":false,"statementMap":{"0":{"start":{"line":1,"column":0},"end":{"line":1,"column":32}},"11":{"start":{"line":12,"column":0},"end":{"line":12,"column":48}},"12":{"start":{"line":13,"column":0},"end":{"line":13,"column":26}},"13":{"start":{"line":14,"column":0},"end":{"line":14,"column":23}},"14":{"start":{"line":15,"column":0},"end":{"line":15,"column":50}},"15":{"start":{"line":16,"column":0},"end":{"line":16,"column":52}},"16":{"start":{"line":17,"column":0},"end":{"line":17,"column":37}},"17":{"start":{"line":18,"column":0},"end":{"line":18,"column":72}},"19":{"start":{"line":20,"column":0},"end":{"line":20,"column":53}},"20":{"start":{"line":21,"column":0},"end":{"line":21,"column":35}},"21":{"start":{"line":22,"column":0},"end":{"line":22,"column":50}},"22":{"start":{"line":23,"column":0},"end":{"line":23,"column":12}},"23":{"start":{"line":24,"column":0},"end":{"line":24,"column":40}},"24":{"start":{"line":25,"column":0},"end":{"line":25,"column":22}},"25":{"start":{"line":26,"column":0},"end":{"line":26,"column":38}},"26":{"start":{"line":27,"column":0},"end":{"line":27,"column":8}},"27":{"start":{"line":28,"column":0},"end":{"line":28,"column":9}},"29":{"start":{"line":30,"column":0},"end":{"line":30,"column":10}},"30":{"start":{"line":31,"column":0},"end":{"line":31,"column":95}},"31":{"start":{"line":32,"column":0},"end":{"line":32,"column":29}},"32":{"start":{"line":33,"column":0},"end":{"line":33,"column":12}},"33":{"start":{"line":34,"column":0},"end":{"line":34,"column":20}},"34":{"start":{"line":35,"column":0},"end":{"line":35,"column":43}},"35":{"start":{"line":36,"column":0},"end":{"line":36,"column":18}},"36":{"start":{"line":37,"column":0},"end":{"line":37,"column":33}},"37":{"start":{"line":38,"column":0},"end":{"line":38,"column":34}},"38":{"start":{"line":39,"column":0},"end":{"line":39,"column":35}},"39":{"start":{"line":40,"column":0},"end":{"line":40,"column":25}},"40":{"start":{"line":41,"column":0},"end":{"line":41,"column":24}},"41":{"start":{"line":42,"column":0},"end":{"line":42,"column":23}},"42":{"start":{"line":43,"column":0},"end":{"line":43,"column":129}},"43":{"start":{"line":44,"column":0},"end":{"line":44,"column":88}},"44":{"start":{"line":45,"column":0},"end":{"line":45,"column":12}},"45":{"start":{"line":46,"column":0},"end":{"line":46,"column":10}},"46":{"start":{"line":47,"column":0},"end":{"line":47,"column":9}},"47":{"start":{"line":48,"column":0},"end":{"line":48,"column":10}},"49":{"start":{"line":50,"column":0},"end":{"line":50,"column":1}},"51":{"start":{"line":52,"column":0},"end":{"line":52,"column":66}},"52":{"start":{"line":53,"column":0},"end":{"line":53,"column":36}},"53":{"start":{"line":54,"column":0},"end":{"line":54,"column":36}},"55":{"start":{"line":56,"column":0},"end":{"line":56,"column":10}},"56":{"start":{"line":57,"column":0},"end":{"line":57,"column":116}},"57":{"start":{"line":58,"column":0},"end":{"line":58,"column":10}},"58":{"start":{"line":59,"column":0},"end":{"line":59,"column":74}},"59":{"start":{"line":60,"column":0},"end":{"line":60,"column":16}},"60":{"start":{"line":61,"column":0},"end":{"line":61,"column":89}},"61":{"start":{"line":62,"column":0},"end":{"line":62,"column":59}},"62":{"start":{"line":63,"column":0},"end":{"line":63,"column":10}},"63":{"start":{"line":64,"column":0},"end":{"line":64,"column":8}},"64":{"start":{"line":65,"column":0},"end":{"line":65,"column":10}},"65":{"start":{"line":66,"column":0},"end":{"line":66,"column":89}},"66":{"start":{"line":67,"column":0},"end":{"line":67,"column":16}},"67":{"start":{"line":68,"column":0},"end":{"line":68,"column":87}},"68":{"start":{"line":69,"column":0},"end":{"line":69,"column":10}},"69":{"start":{"line":70,"column":0},"end":{"line":70,"column":8}},"70":{"start":{"line":71,"column":0},"end":{"line":71,"column":10}},"72":{"start":{"line":73,"column":0},"end":{"line":73,"column":1}},"74":{"start":{"line":75,"column":0},"end":{"line":75,"column":31}},"75":{"start":{"line":76,"column":0},"end":{"line":76,"column":11}},"76":{"start":{"line":77,"column":0},"end":{"line":77,"column":8}},"77":{"start":{"line":78,"column":0},"end":{"line":78,"column":7}},"78":{"start":{"line":79,"column":0},"end":{"line":79,"column":9}},"79":{"start":{"line":80,"column":0},"end":{"line":80,"column":16}},"80":{"start":{"line":81,"column":0},"end":{"line":81,"column":4}},"86":{"start":{"line":87,"column":0},"end":{"line":87,"column":4}},"87":{"start":{"line":88,"column":0},"end":{"line":88,"column":58}},"89":{"start":{"line":90,"column":0},"end":{"line":90,"column":10}},"90":{"start":{"line":91,"column":0},"end":{"line":91,"column":8}},"91":{"start":{"line":92,"column":0},"end":{"line":92,"column":22}},"92":{"start":{"line":93,"column":0},"end":{"line":93,"column":23}},"93":{"start":{"line":94,"column":0},"end":{"line":94,"column":37}},"94":{"start":{"line":95,"column":0},"end":{"line":95,"column":46}},"95":{"start":{"line":96,"column":0},"end":{"line":96,"column":45}},"96":{"start":{"line":97,"column":0},"end":{"line":97,"column":24}},"99":{"start":{"line":100,"column":0},"end":{"line":100,"column":13}},"100":{"start":{"line":101,"column":0},"end":{"line":101,"column":21}},"101":{"start":{"line":102,"column":0},"end":{"line":102,"column":21}},"102":{"start":{"line":103,"column":0},"end":{"line":103,"column":18}},"103":{"start":{"line":104,"column":0},"end":{"line":104,"column":19}},"104":{"start":{"line":105,"column":0},"end":{"line":105,"column":39}},"105":{"start":{"line":106,"column":0},"end":{"line":106,"column":34}},"106":{"start":{"line":107,"column":0},"end":{"line":107,"column":8}},"108":{"start":{"line":109,"column":0},"end":{"line":109,"column":13}},"109":{"start":{"line":110,"column":0},"end":{"line":110,"column":21}},"110":{"start":{"line":111,"column":0},"end":{"line":111,"column":21}},"111":{"start":{"line":112,"column":0},"end":{"line":112,"column":18}},"112":{"start":{"line":113,"column":0},"end":{"line":113,"column":19}},"113":{"start":{"line":114,"column":0},"end":{"line":114,"column":22}},"114":{"start":{"line":115,"column":0},"end":{"line":115,"column":34}},"115":{"start":{"line":116,"column":0},"end":{"line":116,"column":29}},"116":{"start":{"line":117,"column":0},"end":{"line":117,"column":39}},"117":{"start":{"line":118,"column":0},"end":{"line":118,"column":43}},"118":{"start":{"line":119,"column":0},"end":{"line":119,"column":16}},"119":{"start":{"line":120,"column":0},"end":{"line":120,"column":78}},"120":{"start":{"line":121,"column":0},"end":{"line":121,"column":52}},"121":{"start":{"line":122,"column":0},"end":{"line":122,"column":10}},"122":{"start":{"line":123,"column":0},"end":{"line":123,"column":8}},"123":{"start":{"line":124,"column":0},"end":{"line":124,"column":10}},"125":{"start":{"line":126,"column":0},"end":{"line":126,"column":1}},"127":{"start":{"line":128,"column":0},"end":{"line":128,"column":33}},"128":{"start":{"line":129,"column":0},"end":{"line":129,"column":8}},"129":{"start":{"line":130,"column":0},"end":{"line":130,"column":11}},"130":{"start":{"line":131,"column":0},"end":{"line":131,"column":19}},"131":{"start":{"line":132,"column":0},"end":{"line":132,"column":26}},"132":{"start":{"line":133,"column":0},"end":{"line":133,"column":57}},"133":{"start":{"line":134,"column":0},"end":{"line":134,"column":36}},"134":{"start":{"line":135,"column":0},"end":{"line":135,"column":38}},"135":{"start":{"line":136,"column":0},"end":{"line":136,"column":56}},"136":{"start":{"line":137,"column":0},"end":{"line":137,"column":54}},"137":{"start":{"line":138,"column":0},"end":{"line":138,"column":13}},"138":{"start":{"line":139,"column":0},"end":{"line":139,"column":24}},"140":{"start":{"line":141,"column":0},"end":{"line":141,"column":36}},"141":{"start":{"line":142,"column":0},"end":{"line":142,"column":36}},"142":{"start":{"line":143,"column":0},"end":{"line":143,"column":41}},"143":{"start":{"line":144,"column":0},"end":{"line":144,"column":36}},"144":{"start":{"line":145,"column":0},"end":{"line":145,"column":68}},"146":{"start":{"line":147,"column":0},"end":{"line":147,"column":10}},"147":{"start":{"line":148,"column":0},"end":{"line":148,"column":6}},"148":{"start":{"line":149,"column":0},"end":{"line":149,"column":41}},"149":{"start":{"line":150,"column":0},"end":{"line":150,"column":145}},"151":{"start":{"line":152,"column":0},"end":{"line":152,"column":67}},"152":{"start":{"line":153,"column":0},"end":{"line":153,"column":49}},"153":{"start":{"line":154,"column":0},"end":{"line":154,"column":14}},"154":{"start":{"line":155,"column":0},"end":{"line":155,"column":18}},"155":{"start":{"line":156,"column":0},"end":{"line":156,"column":114}},"156":{"start":{"line":157,"column":0},"end":{"line":157,"column":50}},"157":{"start":{"line":158,"column":0},"end":{"line":158,"column":16}},"159":{"start":{"line":160,"column":0},"end":{"line":160,"column":18}},"160":{"start":{"line":161,"column":0},"end":{"line":161,"column":130}},"161":{"start":{"line":162,"column":0},"end":{"line":162,"column":50}},"162":{"start":{"line":163,"column":0},"end":{"line":163,"column":16}},"164":{"start":{"line":165,"column":0},"end":{"line":165,"column":18}},"165":{"start":{"line":166,"column":0},"end":{"line":166,"column":142}},"166":{"start":{"line":167,"column":0},"end":{"line":167,"column":50}},"167":{"start":{"line":168,"column":0},"end":{"line":168,"column":16}},"168":{"start":{"line":169,"column":0},"end":{"line":169,"column":44}},"169":{"start":{"line":170,"column":0},"end":{"line":170,"column":15}},"171":{"start":{"line":172,"column":0},"end":{"line":172,"column":48}},"172":{"start":{"line":173,"column":0},"end":{"line":173,"column":16}},"173":{"start":{"line":174,"column":0},"end":{"line":174,"column":97}},"174":{"start":{"line":175,"column":0},"end":{"line":175,"column":48}},"175":{"start":{"line":176,"column":0},"end":{"line":176,"column":14}},"179":{"start":{"line":180,"column":0},"end":{"line":180,"column":50}},"180":{"start":{"line":181,"column":0},"end":{"line":181,"column":16}},"181":{"start":{"line":182,"column":0},"end":{"line":182,"column":96}},"182":{"start":{"line":183,"column":0},"end":{"line":183,"column":22}},"183":{"start":{"line":184,"column":0},"end":{"line":184,"column":43}},"184":{"start":{"line":185,"column":0},"end":{"line":185,"column":64}},"185":{"start":{"line":186,"column":0},"end":{"line":186,"column":16}},"186":{"start":{"line":187,"column":0},"end":{"line":187,"column":32}},"187":{"start":{"line":188,"column":0},"end":{"line":188,"column":14}},"189":{"start":{"line":190,"column":0},"end":{"line":190,"column":49}},"190":{"start":{"line":191,"column":0},"end":{"line":191,"column":16}},"191":{"start":{"line":192,"column":0},"end":{"line":192,"column":117}},"192":{"start":{"line":193,"column":0},"end":{"line":193,"column":32}},"193":{"start":{"line":194,"column":0},"end":{"line":194,"column":14}},"197":{"start":{"line":198,"column":0},"end":{"line":198,"column":14}},"198":{"start":{"line":199,"column":0},"end":{"line":199,"column":107}},"199":{"start":{"line":200,"column":0},"end":{"line":200,"column":67}},"200":{"start":{"line":201,"column":0},"end":{"line":201,"column":15}},"201":{"start":{"line":202,"column":0},"end":{"line":202,"column":20}},"202":{"start":{"line":203,"column":0},"end":{"line":203,"column":48}},"203":{"start":{"line":204,"column":0},"end":{"line":204,"column":67}},"204":{"start":{"line":205,"column":0},"end":{"line":205,"column":34}},"205":{"start":{"line":206,"column":0},"end":{"line":206,"column":94}},"206":{"start":{"line":207,"column":0},"end":{"line":207,"column":73}},"207":{"start":{"line":208,"column":0},"end":{"line":208,"column":33}},"208":{"start":{"line":209,"column":0},"end":{"line":209,"column":109}},"209":{"start":{"line":210,"column":0},"end":{"line":210,"column":81}},"210":{"start":{"line":211,"column":0},"end":{"line":211,"column":14}},"213":{"start":{"line":214,"column":0},"end":{"line":214,"column":16}},"214":{"start":{"line":215,"column":0},"end":{"line":215,"column":66}},"215":{"start":{"line":216,"column":0},"end":{"line":216,"column":22}},"216":{"start":{"line":217,"column":0},"end":{"line":217,"column":36}},"217":{"start":{"line":218,"column":0},"end":{"line":218,"column":80}},"218":{"start":{"line":219,"column":0},"end":{"line":219,"column":97}},"219":{"start":{"line":220,"column":0},"end":{"line":220,"column":16}},"220":{"start":{"line":221,"column":0},"end":{"line":221,"column":32}},"221":{"start":{"line":222,"column":0},"end":{"line":222,"column":14}},"224":{"start":{"line":225,"column":0},"end":{"line":225,"column":51}},"225":{"start":{"line":226,"column":0},"end":{"line":226,"column":18}},"226":{"start":{"line":227,"column":0},"end":{"line":227,"column":81}},"227":{"start":{"line":228,"column":0},"end":{"line":228,"column":50}},"228":{"start":{"line":229,"column":0},"end":{"line":229,"column":34}},"229":{"start":{"line":230,"column":0},"end":{"line":230,"column":16}},"233":{"start":{"line":234,"column":0},"end":{"line":234,"column":55}},"234":{"start":{"line":235,"column":0},"end":{"line":235,"column":16}},"235":{"start":{"line":236,"column":0},"end":{"line":236,"column":109}},"236":{"start":{"line":237,"column":0},"end":{"line":237,"column":59}},"237":{"start":{"line":238,"column":0},"end":{"line":238,"column":19}},"238":{"start":{"line":239,"column":0},"end":{"line":239,"column":81}},"240":{"start":{"line":241,"column":0},"end":{"line":241,"column":23}},"241":{"start":{"line":242,"column":0},"end":{"line":242,"column":18}},"242":{"start":{"line":243,"column":0},"end":{"line":243,"column":52}},"243":{"start":{"line":244,"column":0},"end":{"line":244,"column":18}},"244":{"start":{"line":245,"column":0},"end":{"line":245,"column":109}},"245":{"start":{"line":246,"column":0},"end":{"line":246,"column":63}},"247":{"start":{"line":248,"column":0},"end":{"line":248,"column":36}},"248":{"start":{"line":249,"column":0},"end":{"line":249,"column":20}},"250":{"start":{"line":251,"column":0},"end":{"line":251,"column":18}},"251":{"start":{"line":252,"column":0},"end":{"line":252,"column":16}},"254":{"start":{"line":255,"column":0},"end":{"line":255,"column":24}},"255":{"start":{"line":256,"column":0},"end":{"line":256,"column":14}},"256":{"start":{"line":257,"column":0},"end":{"line":257,"column":50}},"257":{"start":{"line":258,"column":0},"end":{"line":258,"column":37}},"258":{"start":{"line":259,"column":0},"end":{"line":259,"column":37}},"259":{"start":{"line":260,"column":0},"end":{"line":260,"column":31}},"260":{"start":{"line":261,"column":0},"end":{"line":261,"column":36}},"261":{"start":{"line":262,"column":0},"end":{"line":262,"column":40}},"262":{"start":{"line":263,"column":0},"end":{"line":263,"column":47}},"263":{"start":{"line":264,"column":0},"end":{"line":264,"column":18}},"264":{"start":{"line":265,"column":0},"end":{"line":265,"column":20}},"265":{"start":{"line":266,"column":0},"end":{"line":266,"column":66}},"266":{"start":{"line":267,"column":0},"end":{"line":267,"column":37}},"267":{"start":{"line":268,"column":0},"end":{"line":268,"column":37}},"268":{"start":{"line":269,"column":0},"end":{"line":269,"column":31}},"269":{"start":{"line":270,"column":0},"end":{"line":270,"column":47}},"270":{"start":{"line":271,"column":0},"end":{"line":271,"column":51}},"271":{"start":{"line":272,"column":0},"end":{"line":272,"column":58}},"272":{"start":{"line":273,"column":0},"end":{"line":273,"column":18}},"273":{"start":{"line":274,"column":0},"end":{"line":274,"column":20}},"274":{"start":{"line":275,"column":0},"end":{"line":275,"column":15}},"276":{"start":{"line":277,"column":0},"end":{"line":277,"column":14}},"279":{"start":{"line":280,"column":0},"end":{"line":280,"column":10}},"280":{"start":{"line":281,"column":0},"end":{"line":281,"column":108}},"281":{"start":{"line":282,"column":0},"end":{"line":282,"column":56}},"282":{"start":{"line":283,"column":0},"end":{"line":283,"column":13}},"283":{"start":{"line":284,"column":0},"end":{"line":284,"column":28}},"284":{"start":{"line":285,"column":0},"end":{"line":285,"column":78}},"286":{"start":{"line":287,"column":0},"end":{"line":287,"column":20}},"287":{"start":{"line":288,"column":0},"end":{"line":288,"column":12}},"290":{"start":{"line":291,"column":0},"end":{"line":291,"column":22}},"291":{"start":{"line":292,"column":0},"end":{"line":292,"column":14}},"292":{"start":{"line":293,"column":0},"end":{"line":293,"column":103}},"293":{"start":{"line":294,"column":0},"end":{"line":294,"column":30}},"294":{"start":{"line":295,"column":0},"end":{"line":295,"column":54}},"295":{"start":{"line":296,"column":0},"end":{"line":296,"column":29}},"296":{"start":{"line":297,"column":0},"end":{"line":297,"column":31}},"297":{"start":{"line":298,"column":0},"end":{"line":298,"column":44}},"299":{"start":{"line":300,"column":0},"end":{"line":300,"column":16}},"300":{"start":{"line":301,"column":0},"end":{"line":301,"column":85}},"301":{"start":{"line":302,"column":0},"end":{"line":302,"column":22}},"302":{"start":{"line":303,"column":0},"end":{"line":303,"column":44}},"303":{"start":{"line":304,"column":0},"end":{"line":304,"column":39}},"304":{"start":{"line":305,"column":0},"end":{"line":305,"column":48}},"305":{"start":{"line":306,"column":0},"end":{"line":306,"column":16}},"306":{"start":{"line":307,"column":0},"end":{"line":307,"column":14}},"307":{"start":{"line":308,"column":0},"end":{"line":308,"column":16}},"309":{"start":{"line":310,"column":0},"end":{"line":310,"column":12}},"310":{"start":{"line":311,"column":0},"end":{"line":311,"column":7}},"312":{"start":{"line":313,"column":0},"end":{"line":313,"column":1}}},"s":{"0":1,"11":1,"12":1,"13":1,"14":1,"15":1,"16":1,"17":1,"19":6,"20":6,"21":6,"22":72,"23":72,"24":72,"25":72,"26":6,"27":6,"29":6,"30":6,"31":6,"32":72,"33":72,"34":72,"35":72,"36":72,"37":72,"38":72,"39":72,"40":72,"41":72,"42":72,"43":72,"44":72,"45":72,"46":6,"47":6,"49":6,"51":15,"52":15,"53":15,"55":6,"56":6,"57":6,"58":6,"59":6,"60":6,"61":6,"62":6,"63":6,"64":6,"65":6,"66":6,"67":6,"68":6,"69":6,"70":6,"72":6,"74":12,"75":12,"76":12,"77":12,"78":12,"79":12,"80":12,"86":12,"87":12,"89":12,"90":12,"91":12,"92":12,"93":12,"94":12,"95":12,"96":12,"99":12,"100":12,"101":12,"102":12,"103":12,"104":12,"105":12,"106":12,"108":12,"109":12,"110":12,"111":12,"112":12,"113":12,"114":12,"115":12,"116":12,"117":12,"118":12,"119":12,"120":12,"121":12,"122":12,"123":12,"125":12,"127":1,"128":15,"129":15,"130":15,"131":15,"132":15,"133":15,"134":15,"135":9,"136":9,"137":1,"138":15,"140":15,"141":15,"142":15,"143":15,"144":15,"146":15,"147":15,"148":15,"149":15,"151":15,"152":15,"153":6,"154":6,"155":6,"156":6,"157":6,"159":6,"160":6,"161":6,"162":6,"164":6,"165":6,"166":6,"167":6,"168":6,"169":6,"171":15,"172":0,"173":0,"174":0,"175":0,"179":15,"180":9,"181":9,"182":9,"183":9,"184":9,"185":9,"186":9,"187":9,"189":15,"190":0,"191":0,"192":0,"193":0,"197":15,"198":15,"199":15,"200":15,"201":15,"202":15,"203":15,"204":15,"205":6,"206":9,"207":15,"208":6,"209":9,"210":15,"213":15,"214":15,"215":15,"216":15,"217":6,"218":9,"219":15,"220":15,"221":15,"224":15,"225":6,"226":6,"227":6,"228":6,"229":6,"233":15,"234":15,"235":15,"236":15,"237":15,"238":15,"240":15,"241":15,"242":15,"243":6,"244":6,"245":6,"247":6,"248":6,"250":15,"251":15,"254":15,"255":6,"256":6,"257":6,"258":6,"259":6,"260":6,"261":6,"262":6,"263":6,"264":6,"265":6,"266":6,"267":6,"268":6,"269":6,"270":6,"271":6,"272":6,"273":6,"274":6,"276":15,"279":15,"280":15,"281":15,"282":15,"283":15,"284":15,"286":15,"287":15,"290":15,"291":6,"292":6,"293":6,"294":6,"295":6,"296":6,"297":6,"299":6,"300":6,"301":6,"302":6,"303":6,"304":6,"305":6,"306":6,"307":6,"309":15,"310":15,"312":15},"branchMap":{"0":{"type":"branch","line":20,"loc":{"start":{"line":20,"column":0},"end":{"line":50,"column":1}},"locations":[{"start":{"line":20,"column":0},"end":{"line":50,"column":1}}]},"1":{"type":"branch","line":21,"loc":{"start":{"line":21,"column":28},"end":{"line":28,"column":5}},"locations":[{"start":{"line":21,"column":28},"end":{"line":28,"column":5}}]},"2":{"type":"branch","line":22,"loc":{"start":{"line":22,"column":38},"end":{"line":27,"column":6}},"locations":[{"start":{"line":22,"column":38},"end":{"line":27,"column":6}}]},"3":{"type":"branch","line":32,"loc":{"start":{"line":32,"column":21},"end":{"line":46,"column":10}},"locations":[{"start":{"line":32,"column":21},"end":{"line":46,"column":10}}]},"4":{"type":"branch","line":52,"loc":{"start":{"line":52,"column":0},"end":{"line":73,"column":1}},"locations":[{"start":{"line":52,"column":0},"end":{"line":73,"column":1}}]},"5":{"type":"branch","line":54,"loc":{"start":{"line":54,"column":24},"end":{"line":54,"column":36}},"locations":[{"start":{"line":54,"column":24},"end":{"line":54,"column":36}}]},"6":{"type":"branch","line":54,"loc":{"start":{"line":54,"column":31},"end":{"line":73,"column":1}},"locations":[{"start":{"line":54,"column":31},"end":{"line":73,"column":1}}]},"7":{"type":"branch","line":75,"loc":{"start":{"line":75,"column":0},"end":{"line":126,"column":1}},"locations":[{"start":{"line":75,"column":0},"end":{"line":126,"column":1}}]},"8":{"type":"branch","line":128,"loc":{"start":{"line":128,"column":7},"end":{"line":313,"column":1}},"locations":[{"start":{"line":128,"column":7},"end":{"line":313,"column":1}}]},"9":{"type":"branch","line":145,"loc":{"start":{"line":145,"column":29},"end":{"line":145,"column":60}},"locations":[{"start":{"line":145,"column":29},"end":{"line":145,"column":60}}]},"10":{"type":"branch","line":153,"loc":{"start":{"line":153,"column":11},"end":{"line":153,"column":49}},"locations":[{"start":{"line":153,"column":11},"end":{"line":153,"column":49}}]},"11":{"type":"branch","line":153,"loc":{"start":{"line":153,"column":24},"end":{"line":170,"column":15}},"locations":[{"start":{"line":153,"column":24},"end":{"line":170,"column":15}}]},"12":{"type":"branch","line":172,"loc":{"start":{"line":172,"column":11},"end":{"line":172,"column":48}},"locations":[{"start":{"line":172,"column":11},"end":{"line":172,"column":48}}]},"13":{"type":"branch","line":172,"loc":{"start":{"line":172,"column":23},"end":{"line":176,"column":14}},"locations":[{"start":{"line":172,"column":23},"end":{"line":176,"column":14}}]},"14":{"type":"branch","line":180,"loc":{"start":{"line":180,"column":12},"end":{"line":180,"column":50}},"locations":[{"start":{"line":180,"column":12},"end":{"line":180,"column":50}}]},"15":{"type":"branch","line":180,"loc":{"start":{"line":180,"column":25},"end":{"line":188,"column":14}},"locations":[{"start":{"line":180,"column":25},"end":{"line":188,"column":14}}]},"16":{"type":"branch","line":190,"loc":{"start":{"line":190,"column":12},"end":{"line":190,"column":49}},"locations":[{"start":{"line":190,"column":12},"end":{"line":190,"column":49}}]},"17":{"type":"branch","line":190,"loc":{"start":{"line":190,"column":24},"end":{"line":194,"column":14}},"locations":[{"start":{"line":190,"column":24},"end":{"line":194,"column":14}}]},"18":{"type":"branch","line":200,"loc":{"start":{"line":200,"column":15},"end":{"line":200,"column":51}},"locations":[{"start":{"line":200,"column":15},"end":{"line":200,"column":51}}]},"19":{"type":"branch","line":200,"loc":{"start":{"line":200,"column":28},"end":{"line":200,"column":65}},"locations":[{"start":{"line":200,"column":28},"end":{"line":200,"column":65}}]},"20":{"type":"branch","line":200,"loc":{"start":{"line":200,"column":51},"end":{"line":200,"column":67}},"locations":[{"start":{"line":200,"column":51},"end":{"line":200,"column":67}}]},"21":{"type":"branch","line":205,"loc":{"start":{"line":205,"column":26},"end":{"line":206,"column":94}},"locations":[{"start":{"line":205,"column":26},"end":{"line":206,"column":94}}]},"22":{"type":"branch","line":206,"loc":{"start":{"line":206,"column":89},"end":{"line":207,"column":73}},"locations":[{"start":{"line":206,"column":89},"end":{"line":207,"column":73}}]},"23":{"type":"branch","line":208,"loc":{"start":{"line":208,"column":25},"end":{"line":209,"column":109}},"locations":[{"start":{"line":208,"column":25},"end":{"line":209,"column":109}}]},"24":{"type":"branch","line":209,"loc":{"start":{"line":209,"column":105},"end":{"line":210,"column":81}},"locations":[{"start":{"line":209,"column":105},"end":{"line":210,"column":81}}]},"25":{"type":"branch","line":217,"loc":{"start":{"line":217,"column":28},"end":{"line":218,"column":80}},"locations":[{"start":{"line":217,"column":28},"end":{"line":218,"column":80}}]},"26":{"type":"branch","line":218,"loc":{"start":{"line":218,"column":20},"end":{"line":219,"column":97}},"locations":[{"start":{"line":218,"column":20},"end":{"line":219,"column":97}}]},"27":{"type":"branch","line":225,"loc":{"start":{"line":225,"column":13},"end":{"line":225,"column":51}},"locations":[{"start":{"line":225,"column":13},"end":{"line":225,"column":51}}]},"28":{"type":"branch","line":225,"loc":{"start":{"line":225,"column":26},"end":{"line":230,"column":16}},"locations":[{"start":{"line":225,"column":26},"end":{"line":230,"column":16}}]},"29":{"type":"branch","line":237,"loc":{"start":{"line":237,"column":18},"end":{"line":237,"column":44}},"locations":[{"start":{"line":237,"column":18},"end":{"line":237,"column":44}}]},"30":{"type":"branch","line":237,"loc":{"start":{"line":237,"column":29},"end":{"line":237,"column":59}},"locations":[{"start":{"line":237,"column":29},"end":{"line":237,"column":59}}]},"31":{"type":"branch","line":239,"loc":{"start":{"line":239,"column":37},"end":{"line":239,"column":72}},"locations":[{"start":{"line":239,"column":37},"end":{"line":239,"column":72}}]},"32":{"type":"branch","line":239,"loc":{"start":{"line":239,"column":65},"end":{"line":239,"column":79}},"locations":[{"start":{"line":239,"column":65},"end":{"line":239,"column":79}}]},"33":{"type":"branch","line":243,"loc":{"start":{"line":243,"column":15},"end":{"line":243,"column":52}},"locations":[{"start":{"line":243,"column":15},"end":{"line":243,"column":52}}]},"34":{"type":"branch","line":243,"loc":{"start":{"line":243,"column":46},"end":{"line":249,"column":20}},"locations":[{"start":{"line":243,"column":46},"end":{"line":249,"column":20}}]},"35":{"type":"branch","line":255,"loc":{"start":{"line":255,"column":11},"end":{"line":275,"column":15}},"locations":[{"start":{"line":255,"column":11},"end":{"line":275,"column":15}}]},"36":{"type":"branch","line":282,"loc":{"start":{"line":282,"column":12},"end":{"line":282,"column":41}},"locations":[{"start":{"line":282,"column":12},"end":{"line":282,"column":41}}]},"37":{"type":"branch","line":282,"loc":{"start":{"line":282,"column":23},"end":{"line":282,"column":56}},"locations":[{"start":{"line":282,"column":23},"end":{"line":282,"column":56}}]},"38":{"type":"branch","line":285,"loc":{"start":{"line":285,"column":17},"end":{"line":285,"column":68}},"locations":[{"start":{"line":285,"column":17},"end":{"line":285,"column":68}}]},"39":{"type":"branch","line":285,"loc":{"start":{"line":285,"column":64},"end":{"line":285,"column":78}},"locations":[{"start":{"line":285,"column":64},"end":{"line":285,"column":78}}]},"40":{"type":"branch","line":291,"loc":{"start":{"line":291,"column":9},"end":{"line":308,"column":16}},"locations":[{"start":{"line":291,"column":9},"end":{"line":308,"column":16}}]},"41":{"type":"branch","line":134,"loc":{"start":{"line":134,"column":29},"end":{"line":139,"column":5}},"locations":[{"start":{"line":134,"column":29},"end":{"line":139,"column":5}}]},"42":{"type":"branch","line":135,"loc":{"start":{"line":135,"column":26},"end":{"line":138,"column":13}},"locations":[{"start":{"line":135,"column":26},"end":{"line":138,"column":13}}]},"43":{"type":"branch","line":135,"loc":{"start":{"line":135,"column":33},"end":{"line":136,"column":35}},"locations":[{"start":{"line":135,"column":33},"end":{"line":136,"column":35}}]},"44":{"type":"branch","line":136,"loc":{"start":{"line":136,"column":28},"end":{"line":136,"column":56}},"locations":[{"start":{"line":136,"column":28},"end":{"line":136,"column":56}}]},"45":{"type":"branch","line":136,"loc":{"start":{"line":136,"column":52},"end":{"line":137,"column":35}},"locations":[{"start":{"line":136,"column":52},"end":{"line":137,"column":35}}]},"46":{"type":"branch","line":137,"loc":{"start":{"line":137,"column":28},"end":{"line":138,"column":13}},"locations":[{"start":{"line":137,"column":28},"end":{"line":138,"column":13}}]}},"b":{"0":[6],"1":[6],"2":[72],"3":[72],"4":[15],"5":[9],"6":[6],"7":[12],"8":[15],"9":[0],"10":[6],"11":[6],"12":[6],"13":[0],"14":[9],"15":[9],"16":[9],"17":[0],"18":[9],"19":[9],"20":[6],"21":[6],"22":[9],"23":[6],"24":[9],"25":[6],"26":[9],"27":[6],"28":[6],"29":[6],"30":[9],"31":[6],"32":[9],"33":[6],"34":[6],"35":[6],"36":[6],"37":[9],"38":[6],"39":[9],"40":[6],"41":[15],"42":[9],"43":[6],"44":[4],"45":[2],"46":[1]},"fnMap":{"0":{"name":"ParticleRing","decl":{"start":{"line":20,"column":0},"end":{"line":50,"column":1}},"loc":{"start":{"line":20,"column":0},"end":{"line":50,"column":1}},"line":20},"1":{"name":"AmbientBackground","decl":{"start":{"line":52,"column":0},"end":{"line":73,"column":1}},"loc":{"start":{"line":52,"column":0},"end":{"line":73,"column":1}},"line":52},"2":{"name":"CircularProgressRing","decl":{"start":{"line":75,"column":0},"end":{"line":126,"column":1}},"loc":{"start":{"line":75,"column":0},"end":{"line":126,"column":1}},"line":75},"3":{"name":"BreathingCircle","decl":{"start":{"line":128,"column":7},"end":{"line":313,"column":1}},"loc":{"start":{"line":128,"column":7},"end":{"line":313,"column":1}},"line":128}},"f":{"0":6,"1":15,"2":12,"3":15}}
,"/tmp/mvp-v3-7fb2fe4b-66ff-4ca2-8096-22700cade1c4-zCY9FM/src/components/Controls.tsx": {"path":"/tmp/mvp-v3-7fb2fe4b-66ff-4ca2-8096-22700cade1c4-zCY9FM/src/components/Controls.tsx","all":false,"statementMap":{"0":{"start":{"line":1,"column":0},"end":{"line":1,"column":25}},"8":{"start":{"line":9,"column":0},"end":{"line":9,"column":26}},"9":{"start":{"line":10,"column":0},"end":{"line":10,"column":11}},"10":{"start":{"line":11,"column":0},"end":{"line":11,"column":10}},"11":{"start":{"line":12,"column":0},"end":{"line":12,"column":10}},"12":{"start":{"line":13,"column":0},"end":{"line":13,"column":10}},"13":{"start":{"line":14,"column":0},"end":{"line":14,"column":27}},"14":{"start":{"line":15,"column":0},"end":{"line":15,"column":19}},"15":{"start":{"line":16,"column":0},"end":{"line":16,"column":10}},"16":{"start":{"line":17,"column":0},"end":{"line":17,"column":54}},"17":{"start":{"line":18,"column":0},"end":{"line":18,"column":47}},"18":{"start":{"line":19,"column":0},"end":{"line":19,"column":22}},"19":{"start":{"line":20,"column":0},"end":{"line":20,"column":17}},"20":{"start":{"line":21,"column":0},"end":{"line":21,"column":29}},"21":{"start":{"line":22,"column":0},"end":{"line":22,"column":395}},"22":{"start":{"line":23,"column":0},"end":{"line":23,"column":48}},"24":{"start":{"line":25,"column":0},"end":{"line":25,"column":56}},"25":{"start":{"line":26,"column":0},"end":{"line":26,"column":176}},"26":{"start":{"line":27,"column":0},"end":{"line":27,"column":19}},"28":{"start":{"line":29,"column":0},"end":{"line":29,"column":12}},"29":{"start":{"line":30,"column":0},"end":{"line":30,"column":19}},"30":{"start":{"line":31,"column":0},"end":{"line":31,"column":31}},"31":{"start":{"line":32,"column":0},"end":{"line":32,"column":333}},"32":{"start":{"line":33,"column":0},"end":{"line":33,"column":50}},"33":{"start":{"line":34,"column":0},"end":{"line":34,"column":13}},"35":{"start":{"line":36,"column":0},"end":{"line":36,"column":21}},"36":{"start":{"line":37,"column":0},"end":{"line":37,"column":19}},"37":{"start":{"line":38,"column":0},"end":{"line":38,"column":31}},"38":{"start":{"line":39,"column":0},"end":{"line":39,"column":336}},"39":{"start":{"line":40,"column":0},"end":{"line":40,"column":50}},"40":{"start":{"line":41,"column":0},"end":{"line":41,"column":13}},"42":{"start":{"line":43,"column":0},"end":{"line":43,"column":21}},"43":{"start":{"line":44,"column":0},"end":{"line":44,"column":13}},"45":{"start":{"line":46,"column":0},"end":{"line":46,"column":12}},"48":{"start":{"line":49,"column":0},"end":{"line":49,"column":104}},"49":{"start":{"line":50,"column":0},"end":{"line":50,"column":50}},"50":{"start":{"line":51,"column":0},"end":{"line":51,"column":137}},"51":{"start":{"line":52,"column":0},"end":{"line":52,"column":53}},"52":{"start":{"line":53,"column":0},"end":{"line":53,"column":15}},"53":{"start":{"line":54,"column":0},"end":{"line":54,"column":50}},"54":{"start":{"line":55,"column":0},"end":{"line":55,"column":135}},"55":{"start":{"line":56,"column":0},"end":{"line":56,"column":28}},"56":{"start":{"line":57,"column":0},"end":{"line":57,"column":15}},"57":{"start":{"line":58,"column":0},"end":{"line":58,"column":50}},"58":{"start":{"line":59,"column":0},"end":{"line":59,"column":133}},"59":{"start":{"line":60,"column":0},"end":{"line":60,"column":28}},"60":{"start":{"line":61,"column":0},"end":{"line":61,"column":15}},"61":{"start":{"line":62,"column":0},"end":{"line":62,"column":12}},"64":{"start":{"line":65,"column":0},"end":{"line":65,"column":53}},"65":{"start":{"line":66,"column":0},"end":{"line":66,"column":61}},"66":{"start":{"line":67,"column":0},"end":{"line":67,"column":100}},"67":{"start":{"line":68,"column":0},"end":{"line":68,"column":12}},"69":{"start":{"line":70,"column":0},"end":{"line":70,"column":10}},"71":{"start":{"line":72,"column":0},"end":{"line":72,"column":1}}},"s":{"0":1,"8":1,"9":14,"10":14,"11":14,"12":14,"13":14,"14":14,"15":14,"16":14,"17":14,"18":14,"19":11,"20":11,"21":11,"22":11,"24":11,"25":11,"26":11,"28":3,"29":3,"30":3,"31":3,"32":3,"33":3,"35":3,"36":3,"37":3,"38":3,"39":3,"40":3,"42":3,"43":3,"45":14,"48":14,"49":14,"50":14,"51":14,"52":14,"53":14,"54":14,"55":14,"56":14,"57":14,"58":14,"59":14,"60":14,"61":14,"64":14,"65":2,"66":2,"67":2,"69":14,"71":14},"branchMap":{"0":{"type":"branch","line":9,"loc":{"start":{"line":9,"column":7},"end":{"line":72,"column":1}},"locations":[{"start":{"line":9,"column":7},"end":{"line":72,"column":1}}]},"1":{"type":"branch","line":19,"loc":{"start":{"line":19,"column":10},"end":{"line":27,"column":19}},"locations":[{"start":{"line":19,"column":10},"end":{"line":27,"column":19}}]},"2":{"type":"branch","line":27,"loc":{"start":{"line":27,"column":10},"end":{"line":44,"column":13}},"locations":[{"start":{"line":27,"column":10},"end":{"line":44,"column":13}}]},"3":{"type":"branch","line":52,"loc":{"start":{"line":52,"column":17},"end":{"line":52,"column":38}},"locations":[{"start":{"line":52,"column":17},"end":{"line":52,"column":38}}]},"4":{"type":"branch","line":52,"loc":{"start":{"line":52,"column":28},"end":{"line":52,"column":46}},"locations":[{"start":{"line":52,"column":28},"end":{"line":52,"column":46}}]},"5":{"type":"branch","line":65,"loc":{"start":{"line":65,"column":34},"end":{"line":65,"column":53}},"locations":[{"start":{"line":65,"column":34},"end":{"line":65,"column":53}}]},"6":{"type":"branch","line":65,"loc":{"start":{"line":65,"column":40},"end":{"line":68,"column":12}},"locations":[{"start":{"line":65,"column":40},"end":{"line":68,"column":12}}]},"7":{"type":"branch","line":67,"loc":{"start":{"line":67,"column":67},"end":{"line":67,"column":81}},"locations":[{"start":{"line":67,"column":67},"end":{"line":67,"column":81}}]},"8":{"type":"branch","line":67,"loc":{"start":{"line":67,"column":71},"end":{"line":67,"column":90}},"locations":[{"start":{"line":67,"column":71},"end":{"line":67,"column":90}}]}},"b":{"0":[14],"1":[11],"2":[3],"3":[3],"4":[11],"5":[2],"6":[2],"7":[1],"8":[1]},"fnMap":{"0":{"name":"Controls","decl":{"start":{"line":9,"column":7},"end":{"line":72,"column":1}},"loc":{"start":{"line":9,"column":7},"end":{"line":72,"column":1}},"line":9}},"f":{"0":14}}
,"/tmp/mvp-v3-7fb2fe4b-66ff-4ca2-8096-22700cade1c4-zCY9FM/src/components/DurationSelector.tsx": {"path":"/tmp/mvp-v3-7fb2fe4b-66ff-4ca2-8096-22700cade1c4-zCY9FM/src/components/DurationSelector.tsx","all":false,"statementMap":{"0":{"start":{"line":1,"column":0},"end":{"line":1,"column":52}},"11":{"start":{"line":12,"column":0},"end":{"line":12,"column":34}},"12":{"start":{"line":13,"column":0},"end":{"line":13,"column":17}},"13":{"start":{"line":14,"column":0},"end":{"line":14,"column":11}},"14":{"start":{"line":15,"column":0},"end":{"line":15,"column":11}},"15":{"start":{"line":16,"column":0},"end":{"line":16,"column":16}},"16":{"start":{"line":17,"column":0},"end":{"line":17,"column":27}},"17":{"start":{"line":18,"column":0},"end":{"line":18,"column":42}},"18":{"start":{"line":19,"column":0},"end":{"line":19,"column":50}},"19":{"start":{"line":20,"column":0},"end":{"line":20,"column":69}},"20":{"start":{"line":21,"column":0},"end":{"line":21,"column":41}},"21":{"start":{"line":22,"column":0},"end":{"line":22,"column":8}},"22":{"start":{"line":23,"column":0},"end":{"line":23,"column":77}},"23":{"start":{"line":24,"column":0},"end":{"line":24,"column":62}},"24":{"start":{"line":25,"column":0},"end":{"line":25,"column":8}},"25":{"start":{"line":26,"column":0},"end":{"line":26,"column":70}},"27":{"start":{"line":28,"column":0},"end":{"line":28,"column":10}},"28":{"start":{"line":29,"column":0},"end":{"line":29,"column":45}},"29":{"start":{"line":30,"column":0},"end":{"line":30,"column":98}},"31":{"start":{"line":32,"column":0},"end":{"line":32,"column":11}},"32":{"start":{"line":33,"column":0},"end":{"line":33,"column":10}},"33":{"start":{"line":34,"column":0},"end":{"line":34,"column":55}},"34":{"start":{"line":35,"column":0},"end":{"line":35,"column":25}},"35":{"start":{"line":36,"column":0},"end":{"line":36,"column":44}},"37":{"start":{"line":38,"column":0},"end":{"line":38,"column":51}},"38":{"start":{"line":39,"column":0},"end":{"line":39,"column":61}},"39":{"start":{"line":40,"column":0},"end":{"line":40,"column":18}},"40":{"start":{"line":41,"column":0},"end":{"line":41,"column":19}},"41":{"start":{"line":42,"column":0},"end":{"line":42,"column":32}},"42":{"start":{"line":43,"column":0},"end":{"line":43,"column":52}},"43":{"start":{"line":44,"column":0},"end":{"line":44,"column":33}},"44":{"start":{"line":45,"column":0},"end":{"line":45,"column":26}},"45":{"start":{"line":46,"column":0},"end":{"line":46,"column":39}},"46":{"start":{"line":47,"column":0},"end":{"line":47,"column":114}},"48":{"start":{"line":49,"column":0},"end":{"line":49,"column":28}},"49":{"start":{"line":50,"column":0},"end":{"line":50,"column":85}},"50":{"start":{"line":51,"column":0},"end":{"line":51,"column":93}},"51":{"start":{"line":52,"column":0},"end":{"line":52,"column":17}},"52":{"start":{"line":53,"column":0},"end":{"line":53,"column":80}},"56":{"start":{"line":57,"column":0},"end":{"line":57,"column":28}},"57":{"start":{"line":58,"column":0},"end":{"line":58,"column":21}},"59":{"start":{"line":60,"column":0},"end":{"line":60,"column":11}},"60":{"start":{"line":61,"column":0},"end":{"line":61,"column":12}},"61":{"start":{"line":62,"column":0},"end":{"line":62,"column":25}},"62":{"start":{"line":63,"column":0},"end":{"line":63,"column":58}},"63":{"start":{"line":64,"column":0},"end":{"line":64,"column":47}},"64":{"start":{"line":65,"column":0},"end":{"line":65,"column":32}},"65":{"start":{"line":66,"column":0},"end":{"line":66,"column":72}},"66":{"start":{"line":67,"column":0},"end":{"line":67,"column":46}},"67":{"start":{"line":68,"column":0},"end":{"line":68,"column":19}},"68":{"start":{"line":69,"column":0},"end":{"line":69,"column":14}},"69":{"start":{"line":70,"column":0},"end":{"line":70,"column":14}},"73":{"start":{"line":74,"column":0},"end":{"line":74,"column":31}},"74":{"start":{"line":75,"column":0},"end":{"line":75,"column":46}},"75":{"start":{"line":76,"column":0},"end":{"line":76,"column":14}},"76":{"start":{"line":77,"column":0},"end":{"line":77,"column":78}},"77":{"start":{"line":78,"column":0},"end":{"line":78,"column":30}},"78":{"start":{"line":79,"column":0},"end":{"line":79,"column":50}},"79":{"start":{"line":80,"column":0},"end":{"line":80,"column":29}},"80":{"start":{"line":81,"column":0},"end":{"line":81,"column":31}},"81":{"start":{"line":82,"column":0},"end":{"line":82,"column":41}},"83":{"start":{"line":84,"column":0},"end":{"line":84,"column":16}},"84":{"start":{"line":85,"column":0},"end":{"line":85,"column":140}},"85":{"start":{"line":86,"column":0},"end":{"line":86,"column":61}},"86":{"start":{"line":87,"column":0},"end":{"line":87,"column":14}},"87":{"start":{"line":88,"column":0},"end":{"line":88,"column":16}},"88":{"start":{"line":89,"column":0},"end":{"line":89,"column":14}},"90":{"start":{"line":91,"column":0},"end":{"line":91,"column":10}},"92":{"start":{"line":93,"column":0},"end":{"line":93,"column":1}}},"s":{"0":1,"11":1,"12":17,"13":17,"14":17,"15":17,"16":17,"17":17,"18":17,"19":17,"20":3,"21":14,"22":17,"23":3,"24":14,"25":17,"27":17,"28":17,"29":17,"31":17,"32":17,"33":17,"34":17,"35":17,"37":17,"38":102,"39":102,"40":102,"41":102,"42":102,"43":102,"44":102,"45":102,"46":102,"48":102,"49":17,"50":85,"51":102,"52":102,"56":102,"57":102,"59":17,"60":17,"61":17,"62":3,"63":3,"64":3,"65":3,"66":3,"67":3,"68":3,"69":3,"73":17,"74":3,"75":3,"76":3,"77":3,"78":3,"79":3,"80":3,"81":3,"83":3,"84":3,"85":3,"86":3,"87":3,"88":3,"90":17,"92":17},"branchMap":{"0":{"type":"branch","line":12,"loc":{"start":{"line":12,"column":7},"end":{"line":93,"column":1}},"locations":[{"start":{"line":12,"column":7},"end":{"line":93,"column":1}}]},"1":{"type":"branch","line":20,"loc":{"start":{"line":20,"column":47},"end":{"line":20,"column":69}},"locations":[{"start":{"line":20,"column":47},"end":{"line":20,"column":69}}]},"2":{"type":"branch","line":20,"loc":{"start":{"line":20,"column":68},"end":{"line":21,"column":41}},"locations":[{"start":{"line":20,"column":68},"end":{"line":21,"column":41}}]},"3":{"type":"branch","line":21,"loc":{"start":{"line":21,"column":28},"end":{"line":22,"column":8}},"locations":[{"start":{"line":21,"column":28},"end":{"line":22,"column":8}}]},"4":{"type":"branch","line":23,"loc":{"start":{"line":23,"column":55},"end":{"line":23,"column":77}},"locations":[{"start":{"line":23,"column":55},"end":{"line":23,"column":77}}]},"5":{"type":"branch","line":23,"loc":{"start":{"line":23,"column":76},"end":{"line":24,"column":62}},"locations":[{"start":{"line":23,"column":76},"end":{"line":24,"column":62}}]},"6":{"type":"branch","line":24,"loc":{"start":{"line":24,"column":61},"end":{"line":25,"column":8}},"locations":[{"start":{"line":24,"column":61},"end":{"line":25,"column":8}}]},"7":{"type":"branch","line":26,"loc":{"start":{"line":26,"column":47},"end":{"line":26,"column":70}},"locations":[{"start":{"line":26,"column":47},"end":{"line":26,"column":70}}]},"8":{"type":"branch","line":62,"loc":{"start":{"line":62,"column":7},"end":{"line":70,"column":14}},"locations":[{"start":{"line":62,"column":7},"end":{"line":70,"column":14}}]},"9":{"type":"branch","line":74,"loc":{"start":{"line":74,"column":7},"end":{"line":89,"column":14}},"locations":[{"start":{"line":74,"column":7},"end":{"line":89,"column":14}}]},"10":{"type":"branch","line":38,"loc":{"start":{"line":38,"column":38},"end":{"line":60,"column":9}},"locations":[{"start":{"line":38,"column":38},"end":{"line":60,"column":9}}]},"11":{"type":"branch","line":49,"loc":{"start":{"line":49,"column":18},"end":{"line":50,"column":85}},"locations":[{"start":{"line":49,"column":18},"end":{"line":50,"column":85}}]},"12":{"type":"branch","line":50,"loc":{"start":{"line":50,"column":22},"end":{"line":51,"column":93}},"locations":[{"start":{"line":50,"column":22},"end":{"line":51,"column":93}}]},"13":{"type":"branch","line":53,"loc":{"start":{"line":53,"column":18},"end":{"line":53,"column":63}},"locations":[{"start":{"line":53,"column":18},"end":{"line":53,"column":63}}]},"14":{"type":"branch","line":53,"loc":{"start":{"line":53,"column":29},"end":{"line":53,"column":79}},"locations":[{"start":{"line":53,"column":29},"end":{"line":53,"column":79}}]},"15":{"type":"branch","line":43,"loc":{"start":{"line":43,"column":23},"end":{"line":43,"column":52}},"locations":[{"start":{"line":43,"column":23},"end":{"line":43,"column":52}}]}},"b":{"0":[17],"1":[5],"2":[3],"3":[14],"4":[5],"5":[3],"6":[14],"7":[5],"8":[3],"9":[3],"10":[102],"11":[17],"12":[85],"13":[30],"14":[72],"15":[1]},"fnMap":{"0":{"name":"DurationSelector","decl":{"start":{"line":12,"column":7},"end":{"line":93,"column":1}},"loc":{"start":{"line":12,"column":7},"end":{"line":93,"column":1}},"line":12},"1":{"name":"onClick","decl":{"start":{"line":43,"column":23},"end":{"line":43,"column":52}},"loc":{"start":{"line":43,"column":23},"end":{"line":43,"column":52}},"line":43}},"f":{"0":17,"1":1}}
,"/tmp/mvp-v3-7fb2fe4b-66ff-4ca2-8096-22700cade1c4-zCY9FM/src/components/ErrorBoundary.tsx": {"path":"/tmp/mvp-v3-7fb2fe4b-66ff-4ca2-8096-22700cade1c4-zCY9FM/src/components/ErrorBoundary.tsx","all":false,"statementMap":{"0":{"start":{"line":1,"column":0},"end":{"line":1,"column":34}},"12":{"start":{"line":13,"column":0},"end":{"line":13,"column":86}},"13":{"start":{"line":14,"column":0},"end":{"line":14,"column":50}},"15":{"start":{"line":16,"column":0},"end":{"line":16,"column":57}},"16":{"start":{"line":17,"column":0},"end":{"line":17,"column":30}},"17":{"start":{"line":18,"column":0},"end":{"line":18,"column":3}},"19":{"start":{"line":20,"column":0},"end":{"line":20,"column":58}},"20":{"start":{"line":21,"column":0},"end":{"line":21,"column":49}},"21":{"start":{"line":22,"column":0},"end":{"line":22,"column":3}},"23":{"start":{"line":24,"column":0},"end":{"line":24,"column":23}},"24":{"start":{"line":25,"column":0},"end":{"line":25,"column":30}},"25":{"start":{"line":26,"column":0},"end":{"line":26,"column":37}},"26":{"start":{"line":27,"column":0},"end":{"line":27,"column":102}},"27":{"start":{"line":28,"column":0},"end":{"line":28,"column":72}},"28":{"start":{"line":29,"column":0},"end":{"line":29,"column":17}},"29":{"start":{"line":30,"column":0},"end":{"line":30,"column":62}},"30":{"start":{"line":31,"column":0},"end":{"line":31,"column":205}},"31":{"start":{"line":32,"column":0},"end":{"line":32,"column":11}},"33":{"start":{"line":34,"column":0},"end":{"line":34,"column":19}},"34":{"start":{"line":35,"column":0},"end":{"line":35,"column":14}},"36":{"start":{"line":37,"column":0},"end":{"line":37,"column":5}},"37":{"start":{"line":38,"column":0},"end":{"line":38,"column":31}},"38":{"start":{"line":39,"column":0},"end":{"line":39,"column":3}},"39":{"start":{"line":40,"column":0},"end":{"line":40,"column":1}}},"s":{"0":1,"12":1,"13":18,"15":18,"16":0,"17":0,"19":18,"20":0,"21":0,"23":18,"24":18,"25":0,"26":0,"27":0,"28":0,"29":0,"30":0,"31":0,"33":0,"34":0,"36":0,"37":18,"38":18,"39":18},"branchMap":{"0":{"type":"branch","line":13,"loc":{"start":{"line":13,"column":7},"end":{"line":40,"column":1}},"locations":[{"start":{"line":13,"column":7},"end":{"line":40,"column":1}}]},"1":{"type":"branch","line":24,"loc":{"start":{"line":24,"column":2},"end":{"line":39,"column":3}},"locations":[{"start":{"line":24,"column":2},"end":{"line":39,"column":3}}]},"2":{"type":"branch","line":25,"loc":{"start":{"line":25,"column":29},"end":{"line":37,"column":5}},"locations":[{"start":{"line":25,"column":29},"end":{"line":37,"column":5}}]}},"b":{"0":[18],"1":[18],"2":[0]},"fnMap":{"0":{"name":"<instance_members_initializer>","decl":{"start":{"line":13,"column":7},"end":{"line":40,"column":1}},"loc":{"start":{"line":13,"column":7},"end":{"line":40,"column":1}},"line":13},"1":{"name":"getDerivedStateFromError","decl":{"start":{"line":16,"column":9},"end":{"line":18,"column":3}},"loc":{"start":{"line":16,"column":9},"end":{"line":18,"column":3}},"line":16},"2":{"name":"componentDidCatch","decl":{"start":{"line":20,"column":2},"end":{"line":22,"column":3}},"loc":{"start":{"line":20,"column":2},"end":{"line":22,"column":3}},"line":20},"3":{"name":"render","decl":{"start":{"line":24,"column":2},"end":{"line":39,"column":3}},"loc":{"start":{"line":24,"column":2},"end":{"line":39,"column":3}},"line":24},"4":{"name":"onClick","decl":{"start":{"line":30,"column":21},"end":{"line":30,"column":62}},"loc":{"start":{"line":30,"column":21},"end":{"line":30,"column":62}},"line":30}},"f":{"0":18,"1":0,"2":0,"3":18,"4":0}}
,"/tmp/mvp-v3-7fb2fe4b-66ff-4ca2-8096-22700cade1c4-zCY9FM/src/components/Header.tsx": {"path":"/tmp/mvp-v3-7fb2fe4b-66ff-4ca2-8096-22700cade1c4-zCY9FM/src/components/Header.tsx","all":false,"statementMap":{"0":{"start":{"line":1,"column":0},"end":{"line":1,"column":43}},"14":{"start":{"line":15,"column":0},"end":{"line":15,"column":98}},"15":{"start":{"line":16,"column":0},"end":{"line":16,"column":10}},"16":{"start":{"line":17,"column":0},"end":{"line":17,"column":90}},"17":{"start":{"line":18,"column":0},"end":{"line":18,"column":49}},"18":{"start":{"line":19,"column":0},"end":{"line":19,"column":128}},"19":{"start":{"line":20,"column":0},"end":{"line":20,"column":13}},"20":{"start":{"line":21,"column":0},"end":{"line":21,"column":96}},"22":{"start":{"line":23,"column":0},"end":{"line":23,"column":15}},"23":{"start":{"line":24,"column":0},"end":{"line":24,"column":87}},"25":{"start":{"line":26,"column":0},"end":{"line":26,"column":14}},"26":{"start":{"line":27,"column":0},"end":{"line":27,"column":14}},"27":{"start":{"line":28,"column":0},"end":{"line":28,"column":12}},"29":{"start":{"line":30,"column":0},"end":{"line":30,"column":47}},"30":{"start":{"line":31,"column":0},"end":{"line":31,"column":24}},"31":{"start":{"line":32,"column":0},"end":{"line":32,"column":14}},"32":{"start":{"line":33,"column":0},"end":{"line":33,"column":123}},"33":{"start":{"line":34,"column":0},"end":{"line":34,"column":42}},"34":{"start":{"line":35,"column":0},"end":{"line":35,"column":54}},"35":{"start":{"line":36,"column":0},"end":{"line":36,"column":33}},"36":{"start":{"line":37,"column":0},"end":{"line":37,"column":15}},"37":{"start":{"line":38,"column":0},"end":{"line":38,"column":25}},"38":{"start":{"line":39,"column":0},"end":{"line":39,"column":30}},"39":{"start":{"line":40,"column":0},"end":{"line":40,"column":67}},"41":{"start":{"line":42,"column":0},"end":{"line":42,"column":45}},"42":{"start":{"line":43,"column":0},"end":{"line":43,"column":16}},"43":{"start":{"line":44,"column":0},"end":{"line":44,"column":50}},"44":{"start":{"line":45,"column":0},"end":{"line":45,"column":80}},"45":{"start":{"line":46,"column":0},"end":{"line":46,"column":112}},"46":{"start":{"line":47,"column":0},"end":{"line":47,"column":17}},"48":{"start":{"line":49,"column":0},"end":{"line":49,"column":44}},"50":{"start":{"line":51,"column":0},"end":{"line":51,"column":16}},"53":{"start":{"line":54,"column":0},"end":{"line":54,"column":28}},"54":{"start":{"line":55,"column":0},"end":{"line":55,"column":14}},"55":{"start":{"line":56,"column":0},"end":{"line":56,"column":123}},"56":{"start":{"line":57,"column":0},"end":{"line":57,"column":74}},"57":{"start":{"line":58,"column":0},"end":{"line":58,"column":54}},"58":{"start":{"line":59,"column":0},"end":{"line":59,"column":33}},"59":{"start":{"line":60,"column":0},"end":{"line":60,"column":15}},"60":{"start":{"line":61,"column":0},"end":{"line":61,"column":25}},"61":{"start":{"line":62,"column":0},"end":{"line":62,"column":30}},"62":{"start":{"line":63,"column":0},"end":{"line":63,"column":115}},"64":{"start":{"line":65,"column":0},"end":{"line":65,"column":131}},"65":{"start":{"line":66,"column":0},"end":{"line":66,"column":142}},"66":{"start":{"line":67,"column":0},"end":{"line":67,"column":18}},"67":{"start":{"line":68,"column":0},"end":{"line":68,"column":111}},"68":{"start":{"line":69,"column":0},"end":{"line":69,"column":16}},"71":{"start":{"line":72,"column":0},"end":{"line":72,"column":15}},"72":{"start":{"line":73,"column":0},"end":{"line":73,"column":33}},"73":{"start":{"line":74,"column":0},"end":{"line":74,"column":279}},"74":{"start":{"line":75,"column":0},"end":{"line":75,"column":67}},"75":{"start":{"line":76,"column":0},"end":{"line":76,"column":62}},"77":{"start":{"line":78,"column":0},"end":{"line":78,"column":27}},"78":{"start":{"line":79,"column":0},"end":{"line":79,"column":16}},"79":{"start":{"line":80,"column":0},"end":{"line":80,"column":48}},"80":{"start":{"line":81,"column":0},"end":{"line":81,"column":33}},"81":{"start":{"line":82,"column":0},"end":{"line":82,"column":25}},"82":{"start":{"li
[...]
start":{"line":56,"column":0},"end":{"line":56,"column":7}},"56":{"start":{"line":57,"column":0},"end":{"line":57,"column":41}},"57":{"start":{"line":58,"column":0},"end":{"line":58,"column":112}},"58":{"start":{"line":59,"column":0},"end":{"line":59,"column":11}},"60":{"start":{"line":61,"column":0},"end":{"line":61,"column":3}},"61":{"start":{"line":62,"column":0},"end":{"line":62,"column":1}},"63":{"start":{"line":64,"column":0},"end":{"line":64,"column":54}},"64":{"start":{"line":65,"column":0},"end":{"line":65,"column":70}},"65":{"start":{"line":66,"column":0},"end":{"line":66,"column":94}},"66":{"start":{"line":67,"column":0},"end":{"line":67,"column":64}},"68":{"start":{"line":69,"column":0},"end":{"line":69,"column":53}},"70":{"start":{"line":71,"column":0},"end":{"line":71,"column":55}},"71":{"start":{"line":72,"column":0},"end":{"line":72,"column":52}},"72":{"start":{"line":73,"column":0},"end":{"line":73,"column":32}},"73":{"start":{"line":74,"column":0},"end":{"line":74,"column":9}},"74":{"start":{"line":75,"column":0},"end":{"line":75,"column":61}},"75":{"start":{"line":76,"column":0},"end":{"line":76,"column":13}},"77":{"start":{"line":78,"column":0},"end":{"line":78,"column":5}},"78":{"start":{"line":79,"column":0},"end":{"line":79,"column":9}},"80":{"start":{"line":81,"column":0},"end":{"line":81,"column":62}},"81":{"start":{"line":82,"column":0},"end":{"line":82,"column":36}},"82":{"start":{"line":83,"column":0},"end":{"line":83,"column":32}},"83":{"start":{"line":84,"column":0},"end":{"line":84,"column":9}},"85":{"start":{"line":86,"column":0},"end":{"line":86,"column":47}},"86":{"start":{"line":87,"column":0},"end":{"line":87,"column":48}},"87":{"start":{"line":88,"column":0},"end":{"line":88,"column":28}},"88":{"start":{"line":89,"column":0},"end":{"line":89,"column":33}},"89":{"start":{"line":90,"column":0},"end":{"line":90,"column":18}},"90":{"start":{"line":91,"column":0},"end":{"line":91,"column":7}},"91":{"start":{"line":92,"column":0},"end":{"line":92,"column":9}},"94":{"start":{"line":95,"column":0},"end":{"line":95,"column":19}},"95":{"start":{"line":96,"column":0},"end":{"line":96,"column":81}},"96":{"start":{"line":97,"column":0},"end":{"line":97,"column":31}},"97":{"start":{"line":98,"column":0},"end":{"line":98,"column":70}},"98":{"start":{"line":99,"column":0},"end":{"line":99,"column":39}},"99":{"start":{"line":100,"column":0},"end":{"line":100,"column":5}},"100":{"start":{"line":101,"column":0},"end":{"line":101,"column":30}},"101":{"start":{"line":102,"column":0},"end":{"line":102,"column":50}},"104":{"start":{"line":105,"column":0},"end":{"line":105,"column":19}},"105":{"start":{"line":106,"column":0},"end":{"line":106,"column":31}},"106":{"start":{"line":107,"column":0},"end":{"line":107,"column":43}},"107":{"start":{"line":108,"column":0},"end":{"line":108,"column":11}},"108":{"start":{"line":109,"column":0},"end":{"line":109,"column":68}},"109":{"start":{"line":110,"column":0},"end":{"line":110,"column":18}},"110":{"start":{"line":111,"column":0},"end":{"line":111,"column":41}},"111":{"start":{"line":112,"column":0},"end":{"line":112,"column":55}},"112":{"start":{"line":113,"column":0},"end":{"line":113,"column":57}},"113":{"start":{"line":114,"column":0},"end":{"line":114,"column":40}},"114":{"start":{"line":115,"column":0},"end":{"line":115,"column":36}},"115":{"start":{"line":116,"column":0},"end":{"line":116,"column":11}},"116":{"start":{"line":117,"column":0},"end":{"line":117,"column":9}},"117":{"start":{"line":118,"column":0},"end":{"line":118,"column":15}},"119":{"start":{"line":120,"column":0},"end":{"line":120,"column":7}},"120":{"start":{"line":121,"column":0},"end":{"line":121,"column":5}},"121":{"start":{"line":122,"column":0},"end":{"line":122,"column":21}},"123":{"start":{"line":124,"column":0},"end":{"line":124,"column":33}},"124":{"start":{"line":125,"column":0},"end":{"line":125,"column":51}},"125":{"start":{"line":126,"column":0},"end":{"line":126,"column":25}},"126":{"start":{"line":127,"column":0},"end":{"line":127,"column":7}},"127":{"start":{"line":128,"column":0},"end":{"line":128,"column":5}},"128":{"start":{"line":129,"column":0},"end":{"line":129,"column":68}},"129":{"start":{"line":130,"column":0},"end":{"line":130,"column":84}},"130":{"start":{"line":131,"column":0},"end":{"line":131,"column":9}},"132":{"start":{"line":133,"column":0},"end":{"line":133,"column":10}},"133":{"start":{"line":134,"column":0},"end":{"line":134,"column":15}},"134":{"start":{"line":135,"column":0},"end":{"line":135,"column":21}},"135":{"start":{"line":136,"column":0},"end":{"line":136,"column":16}},"136":{"start":{"line":137,"column":0},"end":{"line":137,"column":20}},"137":{"start":{"line":138,"column":0},"end":{"line":138,"column":18}},"138":{"start":{"line":139,"column":0},"end":{"line":139,"column":24}},"139":{"start":{"line":140,"column":0},"end":{"line":140,"column":22}},"140":{"start":{"line":141,"column":0},"end":{"line":141,"column":4}},"141":{"start":{"line":142,"column":0},"end":{"line":142,"column":1}}},"s":{"0":1,"13":28,"14":28,"15":28,"16":28,"17":28,"18":28,"19":28,"20":28,"22":14,"23":14,"24":14,"25":14,"26":1,"27":1,"28":1,"29":14,"31":0,"32":13,"33":13,"35":14,"36":14,"37":14,"38":14,"39":0,"40":0,"41":0,"42":0,"43":0,"44":0,"45":0,"46":0,"47":0,"48":14,"50":0,"51":14,"52":14,"54":14,"55":14,"56":14,"57":14,"58":14,"60":0,"61":14,"63":1,"64":28,"65":28,"66":28,"68":28,"70":28,"71":3,"72":3,"73":3,"74":3,"75":3,"77":0,"78":28,"80":28,"81":1,"82":1,"83":28,"85":28,"86":13,"87":13,"88":13,"89":13,"90":13,"91":28,"94":28,"95":21,"96":2,"97":2,"98":2,"99":2,"100":19,"101":28,"104":28,"105":14,"106":14,"107":14,"108":14,"109":14,"110":0,"111":0,"112":0,"113":0,"114":0,"115":0,"116":0,"117":14,"119":0,"120":14,"121":14,"123":14,"124":0,"125":0,"126":0,"127":0,"128":14,"129":14,"130":28,"132":28,"133":28,"134":28,"135":28,"136":28,"137":28,"138":28,"139":28,"140":28,"141":28},"branchMap":{"0":{"type":"branch","line":14,"loc":{"start":{"line":14,"column":0},"end":{"line":21,"column":1}},"locations":[{"start":{"line":14,"column":0},"end":{"line":21,"column":1}}]},"1":{"type":"branch","line":17,"loc":{"start":{"line":17,"column":44},"end":{"line":17,"column":53}},"locations":[{"start":{"line":17,"column":44},"end":{"line":17,"column":53}}]},"2":{"type":"branch","line":23,"loc":{"start":{"line":23,"column":0},"end":{"line":34,"column":1}},"locations":[{"start":{"line":23,"column":0},"end":{"line":34,"column":1}}]},"3":{"type":"branch","line":26,"loc":{"start":{"line":26,"column":13},"end":{"line":29,"column":5}},"locations":[{"start":{"line":26,"column":13},"end":{"line":29,"column":5}}]},"4":{"type":"branch","line":30,"loc":{"start":{"line":30,"column":2},"end":{"line":32,"column":3}},"locations":[{"start":{"line":30,"column":2},"end":{"line":32,"column":3}}]},"5":{"type":"branch","line":32,"loc":{"start":{"line":32,"column":2},"end":{"line":34,"column":1}},"locations":[{"start":{"line":32,"column":2},"end":{"line":34,"column":1}}]},"6":{"type":"branch","line":36,"loc":{"start":{"line":36,"column":0},"end":{"line":53,"column":1}},"locations":[{"start":{"line":36,"column":0},"end":{"line":53,"column":1}}]},"7":{"type":"branch","line":39,"loc":{"start":{"line":39,"column":13},"end":{"line":48,"column":5}},"locations":[{"start":{"line":39,"column":13},"end":{"line":48,"column":5}}]},"8":{"type":"branch","line":49,"loc":{"start":{"line":49,"column":2},"end":{"line":51,"column":3}},"locations":[{"start":{"line":49,"column":2},"end":{"line":51,"column":3}}]},"9":{"type":"branch","line":55,"loc":{"start":{"line":55,"column":0},"end":{"line":62,"column":1}},"locations":[{"start":{"line":55,"column":0},"end":{"line":62,"column":1}}]},"10":{"type":"branch","line":59,"loc":{"start":{"line":59,"column":2},"end":{"line":61,"column":3}},"locations":[{"start":{"line":59,"column":2},"end":{"line":61,"column":3}}]},"11":{"type":"branch","line":64,"loc":{"start":{"line":64,"column":7},"end":{"line":142,"column":1}},"locations":[{"start":{"line":64,"column":7},"end":{"line":142,"column":1}}]},"12":{"type":"branch","line":71,"loc":{"start":{"line":71,"column":36},"end":{"line":79,"column":5}},"locations":[{"start":{"line":71,"column":36},"end":{"line":79,"column":5}}]},"13":{"type":"branch","line":76,"loc":{"start":{"line":76,"column":4},"end":{"line":78,"column":5}},"locations":[{"start":{"line":76,"column":4},"end":{"line":78,"column":5}}]},"14":{"type":"branch","line":81,"loc":{"start":{"line":81,"column":42},"end":{"line":84,"column":5}},"locations":[{"start":{"line":81,"column":42},"end":{"line":84,"column":5}}]},"15":{"type":"branch","line":86,"loc":{"start":{"line":86,"column":40},"end":{"line":92,"column":5}},"locations":[{"start":{"line":86,"column":40},"end":{"line":92,"column":5}}]},"16":{"type":"branch","line":87,"loc":{"start":{"line":87,"column":29},"end":{"line":91,"column":5}},"locations":[{"start":{"line":87,"column":29},"end":{"line":91,"column":5}}]},"17":{"type":"branch","line":95,"loc":{"start":{"line":95,"column":12},"end":{"line":102,"column":5}},"locations":[{"start":{"line":95,"column":12},"end":{"line":102,"column":5}}]},"18":{"type":"branch","line":96,"loc":{"start":{"line":96,"column":8},"end":{"line":96,"column":58}},"locations":[{"start":{"line":96,"column":8},"end":{"line":96,"column":58}}]},"19":{"type":"branch","line":96,"loc":{"start":{"line":96,"column":44},"end":{"line":96,"column":80}},"locations":[{"start":{"line":96,"column":44},"end":{"line":96,"column":80}}]},"20":{"type":"branch","line":96,"loc":{"start":{"line":96,"column":80},"end":{"line":100,"column":5}},"locations":[{"start":{"line":96,"column":80},"end":{"line":100,"column":5}}]},"21":{"type":"branch","line":100,"loc":{"start":{"line":100,"column":4},"end":{"line":101,"column":30}},"locations":[{"start":{"line":100,"column":4},"end":{"line":101,"column":30}}]},"22":{"type":"branch","line":99,"loc":{"start":{"line":99,"column":13},"end":{"line":99,"column":39}},"locations":[{"start":{"line":99,"column":13},"end":{"line":99,"column":39}}]},"23":{"type":"branch","line":105,"loc":{"start":{"line":105,"column":12},"end":{"line":131,"column":5}},"locations":[{"start":{"line":105,"column":12},"end":{"line":131,"column":5}}]},"24":{"type":"branch","line":106,"loc":{"start":{"line":106,"column":4},"end":{"line":121,"column":5}},"locations":[{"start":{"line":106,"column":4},"end":{"line":121,"column":5}}]},"25":{"type":"branch","line":110,"loc":{"start":{"line":110,"column":17},"end":{"line":117,"column":9}},"locations":[{"start":{"line":110,"column":17},"end":{"line":117,"column":9}}]},"26":{"type":"branch","line":118,"loc":{"start":{"line":118,"column":6},"end":{"line":120,"column":7}},"locations":[{"start":{"line":118,"column":6},"end":{"line":120,"column":7}}]},"27":{"type":"branch","line":130,"loc":{"start":{"line":130,"column":11},"end":{"line":130,"column":84}},"locations":[{"start":{"line":130,"column":11},"end":{"line":130,"column":84}}]}},"b":{"0":[28],"1":[0],"2":[14],"3":[1],"4":[0],"5":[13],"6":[14],"7":[0],"8":[0],"9":[14],"10":[0],"11":[28],"12":[3],"13":[0],"14":[1],"15":[13],"16":[13],"17":[21],"18":[2],"19":[2],"20":[2],"21":[19],"22":[2],"23":[14],"24":[14],"25":[0],"26":[0],"27":[14]},"fnMap":{"0":{"name":"getMonday","decl":{"start":{"line":14,"column":0},"end":{"line":21,"column":1}},"loc":{"start":{"line":14,"column":0},"end":{"line":21,"column":1}},"line":14},"1":{"name":"loadGoal","decl":{"start":{"line":23,"column":0},"end":{"line":34,"column":1}},"loc":{"start":{"line":23,"column":0},"end":{"line":34,"column":1}},"line":23},"2":{"name":"loadSessionsThisWeek","decl":{"start":{"line":36,"column":0},"end":{"line":53,"column":1}},"loc":{"start":{"line":36,"column":0},"end":{"line":53,"column":1}},"line":36},"3":{"name":"saveSessionsThisWeek","decl":{"start":{"line":55,"column":0},"end":{"line":62,"column":1}},"loc":{"start":{"line":55,"column":0},"end":{"line":62,"column":1}},"line":55},"4":{"name":"useWeeklyGoal","decl":{"start":{"line":64,"column":7},"end":{"line":142,"column":1}},"loc":{"start":{"line":64,"column":7},"end":{"line":142,"column":1}},"line":64},"5":{"name":"checkWeekReset","decl":{"start":{"line":106,"column":4},"end":{"line":121,"column":5}},"loc":{"start":{"line":106,"column":4},"end":{"line":121,"column":5}},"line":106},"6":{"name":"handleVisibility","decl":{"start":{"line":124,"column":4},"end":{"line":128,"column":5}},"loc":{"start":{"line":124,"column":4},"end":{"line":128,"column":5}},"line":124}},"f":{"0":28,"1":14,"2":14,"3":14,"4":28,"5":14,"6":0}}
,"/tmp/mvp-v3-7fb2fe4b-66ff-4ca2-8096-22700cade1c4-zCY9FM/src/types/breathing.ts": {"path":"/tmp/mvp-v3-7fb2fe4b-66ff-4ca2-8096-22700cade1c4-zCY9FM/src/types/breathing.ts","all":false,"statementMap":{"24":{"start":{"line":25,"column":0},"end":{"line":25,"column":66}},"25":{"start":{"line":26,"column":0},"end":{"line":26,"column":30}},"26":{"start":{"line":27,"column":0},"end":{"line":27,"column":31}},"27":{"start":{"line":28,"column":0},"end":{"line":28,"column":31}},"28":{"start":{"line":29,"column":0},"end":{"line":29,"column":33}},"29":{"start":{"line":30,"column":0},"end":{"line":30,"column":33}},"30":{"start":{"line":31,"column":0},"end":{"line":31,"column":33}},"31":{"start":{"line":32,"column":0},"end":{"line":32,"column":2}},"58":{"start":{"line":59,"column":0},"end":{"line":59,"column":58}},"59":{"start":{"line":60,"column":0},"end":{"line":60,"column":41}},"60":{"start":{"line":61,"column":0},"end":{"line":61,"column":50}},"61":{"start":{"line":62,"column":0},"end":{"line":62,"column":37}},"62":{"start":{"line":63,"column":0},"end":{"line":63,"column":37}},"64":{"start":{"line":65,"column":0},"end":{"line":65,"column":55}},"65":{"start":{"line":66,"column":0},"end":{"line":66,"column":3}},"66":{"start":{"line":67,"column":0},"end":{"line":67,"column":26}},"67":{"start":{"line":68,"column":0},"end":{"line":68,"column":94}},"68":{"start":{"line":69,"column":0},"end":{"line":69,"column":14}},"69":{"start":{"line":70,"column":0},"end":{"line":70,"column":12}},"70":{"start":{"line":71,"column":0},"end":{"line":71,"column":14}},"71":{"start":{"line":72,"column":0},"end":{"line":72,"column":23}},"72":{"start":{"line":73,"column":0},"end":{"line":73,"column":4}},"73":{"start":{"line":74,"column":0},"end":{"line":74,"column":3}},"74":{"start":{"line":75,"column":0},"end":{"line":75,"column":29}},"75":{"start":{"line":76,"column":0},"end":{"line":76,"column":79}},"76":{"start":{"line":77,"column":0},"end":{"line":77,"column":14}},"77":{"start":{"line":78,"column":0},"end":{"line":78,"column":12}},"78":{"start":{"line":79,"column":0},"end":{"line":79,"column":14}},"79":{"start":{"line":80,"column":0},"end":{"line":80,"column":23}},"80":{"start":{"line":81,"column":0},"end":{"line":81,"column":4}},"81":{"start":{"line":82,"column":0},"end":{"line":82,"column":3}},"82":{"start":{"line":83,"column":0},"end":{"line":83,"column":31}},"83":{"start":{"line":84,"column":0},"end":{"line":84,"column":73}},"84":{"start":{"line":85,"column":0},"end":{"line":85,"column":14}},"85":{"start":{"line":86,"column":0},"end":{"line":86,"column":12}},"86":{"start":{"line":87,"column":0},"end":{"line":87,"column":14}},"87":{"start":{"line":88,"column":0},"end":{"line":88,"column":23}},"88":{"start":{"line":89,"column":0},"end":{"line":89,"column":4}},"89":{"start":{"line":90,"column":0},"end":{"line":90,"column":3}},"90":{"start":{"line":91,"column":0},"end":{"line":91,"column":30}},"91":{"start":{"line":92,"column":0},"end":{"line":92,"column":63}},"92":{"start":{"line":93,"column":0},"end":{"line":93,"column":14}},"93":{"start":{"line":94,"column":0},"end":{"line":94,"column":12}},"94":{"start":{"line":95,"column":0},"end":{"line":95,"column":14}},"95":{"start":{"line":96,"column":0},"end":{"line":96,"column":23}},"96":{"start":{"line":97,"column":0},"end":{"line":97,"column":4}},"97":{"start":{"line":98,"column":0},"end":{"line":98,"column":2}},"99":{"start":{"line":100,"column":0},"end":{"line":100,"column":61}},"100":{"start":{"line":101,"column":0},"end":{"line":101,"column":16}},"101":{"start":{"line":102,"column":0},"end":{"line":102,"column":23}},"102":{"start":{"line":103,"column":0},"end":{"line":103,"column":15}},"103":{"start":{"line":104,"column":0},"end":{"line":104,"column":24}},"104":{"start":{"line":105,"column":0},"end":{"line":105,"column":2}},"106":{"start":{"line":107,"column":0},"end":{"line":107,"column":63}},"107":{"start":{"line":108,"column":0},"end":{"line":108,"column":44}},"108":{"start":{"line":109,"column":0},"end":{"line":109,"column":48}},"109":{"start":{"line":110,"column":0},"end":{"line":110,"column":34}},"110":{"start":{"line":111,"column":0},"end":{"line":111,"column":46}},"111":{"start":{"line":112,"column":0},"end":{"line":112,"column":2}},"113":{"start":{"line":114,"column":0},"end":{"line":114,"column":61}},"114":{"start":{"line":115,"column":0},"end":{"line":115,"column":18}},"115":{"start":{"line":116,"column":0},"end":{"line":116,"column":20}},"116":{"start":{"line":117,"column":0},"end":{"line":117,"column":18}},"117":{"start":{"line":118,"column":0},"end":{"line":118,"column":20}},"118":{"start":{"line":119,"column":0},"end":{"line":119,"column":2}}},"s":{"24":1,"25":1,"26":1,"27":1,"28":1,"29":1,"30":1,"31":1,"58":1,"59":1,"60":1,"61":1,"62":1,"64":1,"65":1,"66":1,"67":1,"68":1,"69":1,"70":1,"71":1,"72":1,"73":1,"74":1,"75":1,"76":1,"77":1,"78":1,"79":1,"80":1,"81":1,"82":1,"83":1,"84":1,"85":1,"86":1,"87":1,"88":1,"89":1,"90":1,"91":1,"92":1,"93":1,"94":1,"95":1,"96":1,"97":1,"99":1,"100":1,"101":1,"102":1,"103":1,"104":1,"106":1,"107":1,"108":1,"109":1,"110":1,"111":1,"113":1,"114":1,"115":1,"116":1,"117":1,"118":1},"branchMap":{},"b":{},"fnMap":{},"f":{}}
,"/tmp/mvp-v3-7fb2fe4b-66ff-4ca2-8096-22700cade1c4-zCY9FM/src/types/index.ts": {"path":"/tmp/mvp-v3-7fb2fe4b-66ff-4ca2-8096-22700cade1c4-zCY9FM/src/types/index.ts","all":false,"statementMap":{"0":{"start":{"line":1,"column":0},"end":{"line":1,"column":13}}},"s":{"0":1},"branchMap":{},"b":{},"fnMap":{},"f":{}}
,"/tmp/mvp-v3-7fb2fe4b-66ff-4ca2-8096-22700cade1c4-zCY9FM/src/utils/format.ts": {"path":"/tmp/mvp-v3-7fb2fe4b-66ff-4ca2-8096-22700cade1c4-zCY9FM/src/utils/format.ts","all":false,"statementMap":{"1":{"start":{"line":2,"column":0},"end":{"line":2,"column":63}},"2":{"start":{"line":3,"column":0},"end":{"line":3,"column":48}},"3":{"start":{"line":4,"column":0},"end":{"line":4,"column":36}},"4":{"start":{"line":5,"column":0},"end":{"line":5,"column":61}},"5":{"start":{"line":6,"column":0},"end":{"line":6,"column":1}},"8":{"start":{"line":9,"column":0},"end":{"line":9,"column":62}},"9":{"start":{"line":10,"column":0},"end":{"line":10,"column":48}},"10":{"start":{"line":11,"column":0},"end":{"line":11,"column":36}},"11":{"start":{"line":12,"column":0},"end":{"line":12,"column":42}},"12":{"start":{"line":13,"column":0},"end":{"line":13,"column":35}},"13":{"start":{"line":14,"column":0},"end":{"line":14,"column":1}}},"s":{"1":1,"2":8,"3":8,"4":8,"5":8,"8":1,"9":19,"10":19,"11":19,"12":19,"13":19},"branchMap":{"0":{"type":"branch","line":2,"loc":{"start":{"line":2,"column":7},"end":{"line":6,"column":1}},"locations":[{"start":{"line":2,"column":7},"end":{"line":6,"column":1}}]},"1":{"type":"branch","line":9,"loc":{"start":{"line":9,"column":7},"end":{"line":14,"column":1}},"locations":[{"start":{"line":9,"column":7},"end":{"line":14,"column":1}}]},"2":{"type":"branch","line":12,"loc":{"start":{"line":12,"column":21},"end":{"line":12,"column":42}},"locations":[{"start":{"line":12,"column":21},"end":{"line":12,"column":42}}]}},"b":{"0":[8],"1":[19],"2":[0]},"fnMap":{"0":{"name":"formatCountdown","decl":{"start":{"line":2,"column":7},"end":{"line":6,"column":1}},"loc":{"start":{"line":2,"column":7},"end":{"line":6,"column":1}},"line":2},"1":{"name":"formatDuration","decl":{"start":{"line":9,"column":7},"end":{"line":14,"column":1}},"loc":{"start":{"line":9,"column":7},"end":{"line":14,"column":1}},"line":9}},"f":{"0":8,"1":19}}
}
